[2022-12-29T20:24:39.303+0000] {manager.py:483} INFO - Processing files using up to 2 processes at a time 
[2022-12-29T20:24:39.307+0000] {manager.py:484} INFO - Process each file at most once every 30 seconds
[2022-12-29T20:24:39.308+0000] {manager.py:486} INFO - Checking for new files in /opt/airflow/dags every 300 seconds
[2022-12-29T20:24:39.309+0000] {manager.py:726} INFO - Searching for files in /opt/airflow/dags
[2022-12-29T20:24:39.386+0000] {manager.py:729} INFO - There are 1 files in /opt/airflow/dags
[2022-12-29T20:24:39.752+0000] {manager.py:851} INFO - 
================================================================================
DAG File Processing Stats

File Path                                    PID  Runtime      # DAGs    # Errors  Last Runtime    Last Run
-----------------------------------------  -----  ---------  --------  ----------  --------------  ----------
/opt/airflow/dags/example_taskflow_api.py    185  0.07s             0           0
================================================================================
[2022-12-29T20:25:09.826+0000] {manager.py:851} INFO - 
================================================================================
DAG File Processing Stats

File Path                                  PID    Runtime      # DAGs    # Errors  Last Runtime    Last Run
-----------------------------------------  -----  ---------  --------  ----------  --------------  -------------------
/opt/airflow/dags/example_taskflow_api.py                           1           0  1.85s           2022-12-29T20:24:41
================================================================================
[2022-12-29T20:25:40.284+0000] {manager.py:851} INFO - 
================================================================================
DAG File Processing Stats

File Path                                  PID    Runtime      # DAGs    # Errors  Last Runtime    Last Run
-----------------------------------------  -----  ---------  --------  ----------  --------------  -------------------
/opt/airflow/dags/example_taskflow_api.py                           1           0  1.31s           2022-12-29T20:25:13
================================================================================
[2022-12-29T20:26:10.578+0000] {manager.py:851} INFO - 
================================================================================
DAG File Processing Stats

File Path                                  PID    Runtime      # DAGs    # Errors  Last Runtime    Last Run
-----------------------------------------  -----  ---------  --------  ----------  --------------  -------------------
/opt/airflow/dags/example_taskflow_api.py                           1           0  0.35s           2022-12-29T20:25:43
================================================================================
[2022-12-29T20:26:41.007+0000] {manager.py:851} INFO - 
================================================================================
DAG File Processing Stats

File Path                                  PID    Runtime      # DAGs    # Errors  Last Runtime    Last Run
-----------------------------------------  -----  ---------  --------  ----------  --------------  -------------------
/opt/airflow/dags/example_taskflow_api.py                           1           0  0.37s           2022-12-29T20:26:14
================================================================================
[2022-12-29T20:27:11.556+0000] {manager.py:851} INFO - 
================================================================================
DAG File Processing Stats

File Path                                  PID    Runtime      # DAGs    # Errors  Last Runtime    Last Run
-----------------------------------------  -----  ---------  --------  ----------  --------------  -------------------
/opt/airflow/dags/example_taskflow_api.py                           1           0  0.38s           2022-12-29T20:26:44
================================================================================
[2022-12-29T20:27:42.108+0000] {manager.py:851} INFO - 
================================================================================
DAG File Processing Stats

File Path                                  PID    Runtime      # DAGs    # Errors  Last Runtime    Last Run
-----------------------------------------  -----  ---------  --------  ----------  --------------  -------------------
/opt/airflow/dags/example_taskflow_api.py                           1           0  0.22s           2022-12-29T20:27:15
================================================================================
[2022-12-29T20:28:12.508+0000] {manager.py:851} INFO - 
================================================================================
DAG File Processing Stats

File Path                                  PID    Runtime      # DAGs    # Errors  Last Runtime    Last Run
-----------------------------------------  -----  ---------  --------  ----------  --------------  -------------------
/opt/airflow/dags/example_taskflow_api.py                           1           0  0.22s           2022-12-29T20:27:45
================================================================================
[2022-12-29T20:28:42.875+0000] {manager.py:851} INFO - 
================================================================================
DAG File Processing Stats

File Path                                  PID    Runtime      # DAGs    # Errors  Last Runtime    Last Run
-----------------------------------------  -----  ---------  --------  ----------  --------------  -------------------
/opt/airflow/dags/example_taskflow_api.py                           1           0  0.25s           2022-12-29T20:28:15
================================================================================
[2022-12-29T20:29:13.332+0000] {manager.py:851} INFO - 
================================================================================
DAG File Processing Stats

File Path                                  PID    Runtime      # DAGs    # Errors  Last Runtime    Last Run
-----------------------------------------  -----  ---------  --------  ----------  --------------  -------------------
/opt/airflow/dags/example_taskflow_api.py                           1           0  0.24s           2022-12-29T20:28:46
================================================================================
[2022-12-29T20:29:39.323+0000] {manager.py:726} INFO - Searching for files in /opt/airflow/dags
[2022-12-29T20:29:39.381+0000] {manager.py:729} INFO - There are 2 files in /opt/airflow/dags
[2022-12-29T20:29:43.862+0000] {manager.py:851} INFO - 
================================================================================
DAG File Processing Stats

File Path                                  PID    Runtime      # DAGs    # Errors  Last Runtime    Last Run
-----------------------------------------  -----  ---------  --------  ----------  --------------  -------------------
/opt/airflow/dags/example_dag.py                                    1           0  0.70s           2022-12-29T20:29:40
/opt/airflow/dags/example_taskflow_api.py                           1           0  0.48s           2022-12-29T20:29:17
================================================================================
[2022-12-29T20:30:14.457+0000] {manager.py:851} INFO - 
================================================================================
DAG File Processing Stats

File Path                                  PID    Runtime      # DAGs    # Errors  Last Runtime    Last Run
-----------------------------------------  -----  ---------  --------  ----------  --------------  -------------------
/opt/airflow/dags/example_dag.py                                    1           0  0.18s           2022-12-29T20:30:10
/opt/airflow/dags/example_taskflow_api.py                           1           0  0.33s           2022-12-29T20:29:47
================================================================================
[2022-12-29T20:30:44.895+0000] {manager.py:851} INFO - 
================================================================================
DAG File Processing Stats

File Path                                  PID    Runtime      # DAGs    # Errors  Last Runtime    Last Run
-----------------------------------------  -----  ---------  --------  ----------  --------------  -------------------
/opt/airflow/dags/example_dag.py                                    1           0  0.17s           2022-12-29T20:30:41
/opt/airflow/dags/example_taskflow_api.py                           1           0  0.25s           2022-12-29T20:30:17
================================================================================
[2022-12-29T20:31:15.304+0000] {manager.py:851} INFO - 
================================================================================
DAG File Processing Stats

File Path                                  PID    Runtime      # DAGs    # Errors  Last Runtime    Last Run
-----------------------------------------  -----  ---------  --------  ----------  --------------  -------------------
/opt/airflow/dags/example_dag.py                                    1           0  0.19s           2022-12-29T20:31:11
/opt/airflow/dags/example_taskflow_api.py                           1           0  0.23s           2022-12-29T20:30:48
================================================================================
[2022-12-29T20:31:45.752+0000] {manager.py:851} INFO - 
================================================================================
DAG File Processing Stats

File Path                                  PID    Runtime      # DAGs    # Errors  Last Runtime    Last Run
-----------------------------------------  -----  ---------  --------  ----------  --------------  -------------------
/opt/airflow/dags/example_dag.py                                    1           0  0.24s           2022-12-29T20:31:27
/opt/airflow/dags/example_taskflow_api.py                           1           0  0.18s           2022-12-29T20:31:18
================================================================================
[2022-12-29T20:32:16.009+0000] {manager.py:851} INFO - 
================================================================================
DAG File Processing Stats

File Path                                  PID    Runtime      # DAGs    # Errors  Last Runtime    Last Run
-----------------------------------------  -----  ---------  --------  ----------  --------------  -------------------
/opt/airflow/dags/example_dag.py                                    1           0  0.17s           2022-12-29T20:31:58
/opt/airflow/dags/example_taskflow_api.py                           1           0  0.24s           2022-12-29T20:31:49
================================================================================
[2022-12-29T20:32:46.419+0000] {manager.py:851} INFO - 
================================================================================
DAG File Processing Stats

File Path                                  PID    Runtime      # DAGs    # Errors  Last Runtime    Last Run
-----------------------------------------  -----  ---------  --------  ----------  --------------  -------------------
/opt/airflow/dags/example_dag.py                                    1           0  0.17s           2022-12-29T20:32:28
/opt/airflow/dags/example_taskflow_api.py                           1           0  0.19s           2022-12-29T20:32:19
================================================================================
[2022-12-29T20:33:16.829+0000] {manager.py:851} INFO - 
================================================================================
DAG File Processing Stats

File Path                                  PID    Runtime      # DAGs    # Errors  Last Runtime    Last Run
-----------------------------------------  -----  ---------  --------  ----------  --------------  -------------------
/opt/airflow/dags/example_dag.py                                    1           0  0.19s           2022-12-29T20:32:58
/opt/airflow/dags/example_taskflow_api.py                           1           0  0.18s           2022-12-29T20:32:49
================================================================================
[2022-12-29T20:33:47.263+0000] {manager.py:851} INFO - 
================================================================================
DAG File Processing Stats

File Path                                  PID    Runtime      # DAGs    # Errors  Last Runtime    Last Run
-----------------------------------------  -----  ---------  --------  ----------  --------------  -------------------
/opt/airflow/dags/example_dag.py                                    1           0  0.19s           2022-12-29T20:33:29
/opt/airflow/dags/example_taskflow_api.py                           1           0  0.19s           2022-12-29T20:33:20
================================================================================
[2022-12-29T20:34:17.759+0000] {manager.py:851} INFO - 
================================================================================
DAG File Processing Stats

File Path                                  PID    Runtime      # DAGs    # Errors  Last Runtime    Last Run
-----------------------------------------  -----  ---------  --------  ----------  --------------  -------------------
/opt/airflow/dags/example_dag.py                                    1           0  0.20s           2022-12-29T20:33:59
/opt/airflow/dags/example_taskflow_api.py                           1           0  0.19s           2022-12-29T20:33:50
================================================================================
[2022-12-29T20:34:40.154+0000] {manager.py:726} INFO - Searching for files in /opt/airflow/dags
[2022-12-29T20:34:40.197+0000] {manager.py:729} INFO - There are 2 files in /opt/airflow/dags
[2022-12-29T20:34:48.282+0000] {manager.py:851} INFO - 
================================================================================
DAG File Processing Stats

File Path                                  PID    Runtime      # DAGs    # Errors  Last Runtime    Last Run
-----------------------------------------  -----  ---------  --------  ----------  --------------  -------------------
/opt/airflow/dags/example_dag.py                                    1           0  0.17s           2022-12-29T20:34:30
/opt/airflow/dags/example_taskflow_api.py                           1           0  0.71s           2022-12-29T20:34:21
================================================================================
[2022-12-29T20:35:18.800+0000] {manager.py:851} INFO - 
================================================================================
DAG File Processing Stats

File Path                                  PID    Runtime      # DAGs    # Errors  Last Runtime    Last Run
-----------------------------------------  -----  ---------  --------  ----------  --------------  -------------------
/opt/airflow/dags/example_dag.py                                    1           0  0.20s           2022-12-29T20:35:00
/opt/airflow/dags/example_taskflow_api.py                           1           0  0.26s           2022-12-29T20:34:52
================================================================================
[2022-12-29T20:35:49.110+0000] {manager.py:851} INFO - 
================================================================================
DAG File Processing Stats

File Path                                  PID    Runtime      # DAGs    # Errors  Last Runtime    Last Run
-----------------------------------------  -----  ---------  --------  ----------  --------------  -------------------
/opt/airflow/dags/example_dag.py                                    1           0  0.19s           2022-12-29T20:35:31
/opt/airflow/dags/example_taskflow_api.py                           1           0  0.31s           2022-12-29T20:35:23
================================================================================
[2022-12-29T20:36:19.719+0000] {manager.py:851} INFO - 
================================================================================
DAG File Processing Stats

File Path                                  PID    Runtime      # DAGs    # Errors  Last Runtime    Last Run
-----------------------------------------  -----  ---------  --------  ----------  --------------  -------------------
/opt/airflow/dags/example_dag.py                                    1           0  0.17s           2022-12-29T20:36:01
/opt/airflow/dags/example_taskflow_api.py                           1           0  0.18s           2022-12-29T20:35:53
================================================================================
[2022-12-29T20:36:50.147+0000] {manager.py:851} INFO - 
================================================================================
DAG File Processing Stats

File Path                                  PID    Runtime      # DAGs    # Errors  Last Runtime    Last Run
-----------------------------------------  -----  ---------  --------  ----------  --------------  -------------------
/opt/airflow/dags/example_dag.py                                    1           0  0.18s           2022-12-29T20:36:32
/opt/airflow/dags/example_taskflow_api.py                           1           0  0.18s           2022-12-29T20:36:23
================================================================================
[2022-12-29T20:37:20.392+0000] {manager.py:851} INFO - 
================================================================================
DAG File Processing Stats

File Path                                  PID    Runtime      # DAGs    # Errors  Last Runtime    Last Run
-----------------------------------------  -----  ---------  --------  ----------  --------------  -------------------
/opt/airflow/dags/example_dag.py                                    1           0  0.17s           2022-12-29T20:37:02
/opt/airflow/dags/example_taskflow_api.py                           1           0  0.18s           2022-12-29T20:36:54
================================================================================
[2022-12-29T20:37:50.845+0000] {manager.py:851} INFO - 
================================================================================
DAG File Processing Stats

File Path                                  PID    Runtime      # DAGs    # Errors  Last Runtime    Last Run
-----------------------------------------  -----  ---------  --------  ----------  --------------  -------------------
/opt/airflow/dags/example_dag.py                                    1           0  0.20s           2022-12-29T20:37:32
/opt/airflow/dags/example_taskflow_api.py                           1           0  0.19s           2022-12-29T20:37:24
================================================================================
[2022-12-29T20:38:21.332+0000] {manager.py:851} INFO - 
================================================================================
DAG File Processing Stats

File Path                                  PID    Runtime      # DAGs    # Errors  Last Runtime    Last Run
-----------------------------------------  -----  ---------  --------  ----------  --------------  -------------------
/opt/airflow/dags/example_dag.py                                    1           0  0.21s           2022-12-29T20:38:03
/opt/airflow/dags/example_taskflow_api.py                           1           0  0.19s           2022-12-29T20:37:55
================================================================================
[2022-12-29T20:38:51.832+0000] {manager.py:851} INFO - 
================================================================================
DAG File Processing Stats

File Path                                  PID    Runtime      # DAGs    # Errors  Last Runtime    Last Run
-----------------------------------------  -----  ---------  --------  ----------  --------------  -------------------
/opt/airflow/dags/example_dag.py                                    1           0  0.16s           2022-12-29T20:38:33
/opt/airflow/dags/example_taskflow_api.py                           1           0  0.28s           2022-12-29T20:38:25
================================================================================
[2022-12-29T20:39:22.255+0000] {manager.py:851} INFO - 
================================================================================
DAG File Processing Stats

File Path                                  PID    Runtime      # DAGs    # Errors  Last Runtime    Last Run
-----------------------------------------  -----  ---------  --------  ----------  --------------  -------------------
/opt/airflow/dags/example_dag.py                                    1           0  0.17s           2022-12-29T20:39:04
/opt/airflow/dags/example_taskflow_api.py                           1           0  0.19s           2022-12-29T20:38:56
================================================================================
[2022-12-29T20:39:40.432+0000] {manager.py:726} INFO - Searching for files in /opt/airflow/dags
[2022-12-29T20:39:40.481+0000] {manager.py:729} INFO - There are 2 files in /opt/airflow/dags
[2022-12-29T20:39:52.609+0000] {manager.py:851} INFO - 
================================================================================
DAG File Processing Stats

File Path                                  PID    Runtime      # DAGs    # Errors  Last Runtime    Last Run
-----------------------------------------  -----  ---------  --------  ----------  --------------  -------------------
/opt/airflow/dags/example_dag.py                                    1           0  0.18s           2022-12-29T20:39:34
/opt/airflow/dags/example_taskflow_api.py                           1           0  0.25s           2022-12-29T20:39:26
================================================================================
[2022-12-29T20:40:23.075+0000] {manager.py:851} INFO - 
================================================================================
DAG File Processing Stats

File Path                                  PID    Runtime      # DAGs    # Errors  Last Runtime    Last Run
-----------------------------------------  -----  ---------  --------  ----------  --------------  -------------------
/opt/airflow/dags/example_dag.py                                    1           0  0.17s           2022-12-29T20:40:04
/opt/airflow/dags/example_taskflow_api.py                           1           0  0.20s           2022-12-29T20:39:56
================================================================================
[2022-12-29T20:40:53.506+0000] {manager.py:851} INFO - 
================================================================================
DAG File Processing Stats

File Path                                  PID    Runtime      # DAGs    # Errors  Last Runtime    Last Run
-----------------------------------------  -----  ---------  --------  ----------  --------------  -------------------
/opt/airflow/dags/example_dag.py                                    1           0  0.16s           2022-12-29T20:40:35
/opt/airflow/dags/example_taskflow_api.py                           1           0  0.18s           2022-12-29T20:40:27
================================================================================
[2022-12-29T20:41:23.965+0000] {manager.py:851} INFO - 
================================================================================
DAG File Processing Stats

File Path                                  PID    Runtime      # DAGs    # Errors  Last Runtime    Last Run
-----------------------------------------  -----  ---------  --------  ----------  --------------  -------------------
/opt/airflow/dags/example_dag.py                                    1           0  0.19s           2022-12-29T20:41:05
/opt/airflow/dags/example_taskflow_api.py                           1           0  0.19s           2022-12-29T20:40:57
================================================================================
[2022-12-29T20:41:54.242+0000] {manager.py:851} INFO - 
================================================================================
DAG File Processing Stats

File Path                                  PID    Runtime      # DAGs    # Errors  Last Runtime    Last Run
-----------------------------------------  -----  ---------  --------  ----------  --------------  -------------------
/opt/airflow/dags/example_dag.py                                    1           0  0.16s           2022-12-29T20:41:36
/opt/airflow/dags/example_taskflow_api.py                           1           0  0.22s           2022-12-29T20:41:28
================================================================================
[2022-12-29T20:42:24.700+0000] {manager.py:851} INFO - 
================================================================================
DAG File Processing Stats

File Path                                  PID    Runtime      # DAGs    # Errors  Last Runtime    Last Run
-----------------------------------------  -----  ---------  --------  ----------  --------------  -------------------
/opt/airflow/dags/example_dag.py                                    1           0  0.16s           2022-12-29T20:42:06
/opt/airflow/dags/example_taskflow_api.py                           1           0  0.21s           2022-12-29T20:41:58
================================================================================
[2022-12-29T20:42:55.148+0000] {manager.py:851} INFO - 
================================================================================
DAG File Processing Stats

File Path                                  PID    Runtime      # DAGs    # Errors  Last Runtime    Last Run
-----------------------------------------  -----  ---------  --------  ----------  --------------  -------------------
/opt/airflow/dags/example_dag.py                                    1           0  0.24s           2022-12-29T20:42:37
/opt/airflow/dags/example_taskflow_api.py                           1           0  0.18s           2022-12-29T20:42:28
================================================================================
[2022-12-29T20:43:25.654+0000] {manager.py:851} INFO - 
================================================================================
DAG File Processing Stats

File Path                                  PID    Runtime      # DAGs    # Errors  Last Runtime    Last Run
-----------------------------------------  -----  ---------  --------  ----------  --------------  -------------------
/opt/airflow/dags/example_dag.py                                    1           0  0.20s           2022-12-29T20:43:07
/opt/airflow/dags/example_taskflow_api.py                           1           0  0.26s           2022-12-29T20:42:59
================================================================================
[2022-12-29T20:43:56.129+0000] {manager.py:851} INFO - 
================================================================================
DAG File Processing Stats

File Path                                  PID    Runtime      # DAGs    # Errors  Last Runtime    Last Run
-----------------------------------------  -----  ---------  --------  ----------  --------------  -------------------
/opt/airflow/dags/example_dag.py                                    1           0  0.34s           2022-12-29T20:43:53
/opt/airflow/dags/example_taskflow_api.py                           1           0  0.18s           2022-12-29T20:43:29
================================================================================
[2022-12-29T20:44:26.569+0000] {manager.py:851} INFO - 
================================================================================
DAG File Processing Stats

File Path                                  PID    Runtime      # DAGs    # Errors  Last Runtime    Last Run
-----------------------------------------  -----  ---------  --------  ----------  --------------  -------------------
/opt/airflow/dags/example_dag.py                                    1           0  0.21s           2022-12-29T20:44:23
/opt/airflow/dags/example_taskflow_api.py                           1           0  0.20s           2022-12-29T20:44:00
================================================================================
[2022-12-29T20:44:40.896+0000] {manager.py:726} INFO - Searching for files in /opt/airflow/dags
[2022-12-29T20:44:40.943+0000] {manager.py:729} INFO - There are 2 files in /opt/airflow/dags
[2022-12-29T20:44:57.089+0000] {manager.py:851} INFO - 
================================================================================
DAG File Processing Stats

File Path                                  PID    Runtime      # DAGs    # Errors  Last Runtime    Last Run
-----------------------------------------  -----  ---------  --------  ----------  --------------  -------------------
/opt/airflow/dags/example_dag.py                                    1           0  0.20s           2022-12-29T20:44:54
/opt/airflow/dags/example_taskflow_api.py                           1           0  0.49s           2022-12-29T20:44:31
================================================================================
[2022-12-29T20:45:27.330+0000] {manager.py:851} INFO - 
================================================================================
DAG File Processing Stats

File Path                                  PID    Runtime      # DAGs    # Errors  Last Runtime    Last Run
-----------------------------------------  -----  ---------  --------  ----------  --------------  -------------------
/opt/airflow/dags/example_dag.py                                    1           0  0.20s           2022-12-29T20:45:24
/opt/airflow/dags/example_taskflow_api.py                           1           0  0.18s           2022-12-29T20:45:01
================================================================================
[2022-12-29T20:45:57.807+0000] {manager.py:851} INFO - 
================================================================================
DAG File Processing Stats

File Path                                  PID    Runtime      # DAGs    # Errors  Last Runtime    Last Run
-----------------------------------------  -----  ---------  --------  ----------  --------------  -------------------
/opt/airflow/dags/example_dag.py                                    1           0  0.18s           2022-12-29T20:45:54
/opt/airflow/dags/example_taskflow_api.py                           1           0  0.23s           2022-12-29T20:45:31
================================================================================
[2022-12-29T20:46:28.281+0000] {manager.py:851} INFO - 
================================================================================
DAG File Processing Stats

File Path                                  PID    Runtime      # DAGs    # Errors  Last Runtime    Last Run
-----------------------------------------  -----  ---------  --------  ----------  --------------  -------------------
/opt/airflow/dags/example_dag.py                                    1           0  0.18s           2022-12-29T20:46:25
/opt/airflow/dags/example_taskflow_api.py                           1           0  0.25s           2022-12-29T20:46:02
================================================================================
[2022-12-29T20:46:58.704+0000] {manager.py:851} INFO - 
================================================================================
DAG File Processing Stats

File Path                                  PID    Runtime      # DAGs    # Errors  Last Runtime    Last Run
-----------------------------------------  -----  ---------  --------  ----------  --------------  -------------------
/opt/airflow/dags/example_dag.py                                    1           0  0.25s           2022-12-29T20:46:55
/opt/airflow/dags/example_taskflow_api.py                           1           0  0.18s           2022-12-29T20:46:32
================================================================================
[2022-12-29T20:47:29.211+0000] {manager.py:851} INFO - 
================================================================================
DAG File Processing Stats

File Path                                  PID    Runtime      # DAGs    # Errors  Last Runtime    Last Run
-----------------------------------------  -----  ---------  --------  ----------  --------------  -------------------
/opt/airflow/dags/example_dag.py                                    1           0  0.41s           2022-12-29T20:47:26
/opt/airflow/dags/example_taskflow_api.py                           1           0  0.18s           2022-12-29T20:47:02
================================================================================
[2022-12-29T20:47:59.692+0000] {manager.py:851} INFO - 
================================================================================
DAG File Processing Stats

File Path                                  PID    Runtime      # DAGs    # Errors  Last Runtime    Last Run
-----------------------------------------  -----  ---------  --------  ----------  --------------  -------------------
/opt/airflow/dags/example_dag.py                                    1           0  0.25s           2022-12-29T20:47:41
/opt/airflow/dags/example_taskflow_api.py                           1           0  0.23s           2022-12-29T20:47:33
================================================================================
[2022-12-29T20:48:30.126+0000] {manager.py:851} INFO - 
================================================================================
DAG File Processing Stats

File Path                                  PID    Runtime      # DAGs    # Errors  Last Runtime    Last Run
-----------------------------------------  -----  ---------  --------  ----------  --------------  -------------------
/opt/airflow/dags/example_dag.py                                    1           0  0.18s           2022-12-29T20:48:12
/opt/airflow/dags/example_taskflow_api.py                           1           0  0.18s           2022-12-29T20:48:03
================================================================================
[2022-12-29T20:49:00.701+0000] {manager.py:851} INFO - 
================================================================================
DAG File Processing Stats

File Path                                  PID    Runtime      # DAGs    # Errors  Last Runtime    Last Run
-----------------------------------------  -----  ---------  --------  ----------  --------------  -------------------
/opt/airflow/dags/example_dag.py                                    1           0  0.19s           2022-12-29T20:48:42
/opt/airflow/dags/example_taskflow_api.py                           1           0  0.31s           2022-12-29T20:48:34
================================================================================
[2022-12-29T20:49:31.023+0000] {manager.py:851} INFO - 
================================================================================
DAG File Processing Stats

File Path                                  PID    Runtime      # DAGs    # Errors  Last Runtime    Last Run
-----------------------------------------  -----  ---------  --------  ----------  --------------  -------------------
/opt/airflow/dags/example_dag.py                                    1           0  0.18s           2022-12-29T20:49:13
/opt/airflow/dags/example_taskflow_api.py                           1           0  0.26s           2022-12-29T20:49:04
================================================================================
[2022-12-29T20:49:41.273+0000] {manager.py:726} INFO - Searching for files in /opt/airflow/dags
[2022-12-29T20:49:41.389+0000] {manager.py:729} INFO - There are 2 files in /opt/airflow/dags
[2022-12-29T20:50:01.670+0000] {manager.py:851} INFO - 
================================================================================
DAG File Processing Stats

File Path                                  PID    Runtime      # DAGs    # Errors  Last Runtime    Last Run
-----------------------------------------  -----  ---------  --------  ----------  --------------  -------------------
/opt/airflow/dags/example_dag.py                                    1           0  0.32s           2022-12-29T20:49:43
/opt/airflow/dags/example_taskflow_api.py                           1           0  0.22s           2022-12-29T20:49:35
================================================================================
[2022-12-29T20:50:31.703+0000] {manager.py:851} INFO - 
================================================================================
DAG File Processing Stats

File Path                                  PID    Runtime      # DAGs    # Errors  Last Runtime    Last Run
-----------------------------------------  -----  ---------  --------  ----------  --------------  -------------------
/opt/airflow/dags/example_dag.py                                    1           0  0.33s           2022-12-29T20:50:14
/opt/airflow/dags/example_taskflow_api.py                           1           0  0.94s           2022-12-29T20:50:06
================================================================================
[2022-12-29T20:51:02.280+0000] {manager.py:851} INFO - 
================================================================================
DAG File Processing Stats

File Path                                  PID    Runtime      # DAGs    # Errors  Last Runtime    Last Run
-----------------------------------------  -----  ---------  --------  ----------  --------------  -------------------
/opt/airflow/dags/example_dag.py                                    1           0  0.30s           2022-12-29T20:50:45
/opt/airflow/dags/example_taskflow_api.py                           1           0  0.27s           2022-12-29T20:50:37
================================================================================
[2022-12-29T20:51:32.637+0000] {manager.py:851} INFO - 
================================================================================
DAG File Processing Stats

File Path                                  PID    Runtime      # DAGs    # Errors  Last Runtime    Last Run
-----------------------------------------  -----  ---------  --------  ----------  --------------  -------------------
/opt/airflow/dags/example_dag.py                                    1           0  0.61s           2022-12-29T20:51:16
/opt/airflow/dags/example_taskflow_api.py                           1           0  0.70s           2022-12-29T20:51:08
================================================================================
[2022-12-29T20:52:02.990+0000] {manager.py:851} INFO - 
================================================================================
DAG File Processing Stats

File Path                                  PID    Runtime      # DAGs    # Errors  Last Runtime    Last Run
-----------------------------------------  -----  ---------  --------  ----------  --------------  -------------------
/opt/airflow/dags/example_dag.py                                    1           0  0.28s           2022-12-29T20:51:47
/opt/airflow/dags/example_taskflow_api.py                           1           0  0.40s           2022-12-29T20:51:38
================================================================================
[2022-12-29T20:52:33.674+0000] {manager.py:851} INFO - 
================================================================================
DAG File Processing Stats

File Path                                  PID    Runtime      # DAGs    # Errors  Last Runtime    Last Run
-----------------------------------------  -----  ---------  --------  ----------  --------------  -------------------
/opt/airflow/dags/example_dag.py                                    1           0  0.31s           2022-12-29T20:52:17
/opt/airflow/dags/example_taskflow_api.py                           1           0  0.37s           2022-12-29T20:52:09
================================================================================
