[2022-12-29T20:24:39.752+0000] {processor.py:153} INFO - Started process (PID=185) to work on /opt/airflow/dags/example_taskflow_api.py
[2022-12-29T20:24:39.759+0000] {processor.py:743} INFO - Processing file /opt/airflow/dags/example_taskflow_api.py for tasks to queue
[2022-12-29T20:24:39.762+0000] {logging_mixin.py:137} INFO - [2022-12-29T20:24:39.762+0000] {dagbag.py:538} INFO - Filling up the DagBag from /opt/airflow/dags/example_taskflow_api.py
[2022-12-29T20:24:39.945+0000] {logging_mixin.py:137} WARNING - /home/airflow/.local/lib/python3.7/site-packages/airflow/models/dag.py:3524 RemovedInAirflow3Warning: Param `schedule_interval` is deprecated and will be removed in a future release. Please use `schedule` instead.
[2022-12-29T20:24:40.045+0000] {processor.py:753} INFO - DAG(s) dict_keys(['tutorial_taskflow_api_etl']) retrieved from /opt/airflow/dags/example_taskflow_api.py
[2022-12-29T20:24:41.194+0000] {logging_mixin.py:137} INFO - [2022-12-29T20:24:41.193+0000] {manager.py:504} INFO - Created Permission View: can read on DAG:tutorial_taskflow_api_etl
[2022-12-29T20:24:41.245+0000] {logging_mixin.py:137} INFO - [2022-12-29T20:24:41.244+0000] {manager.py:504} INFO - Created Permission View: can edit on DAG:tutorial_taskflow_api_etl
[2022-12-29T20:24:41.274+0000] {logging_mixin.py:137} INFO - [2022-12-29T20:24:41.274+0000] {manager.py:504} INFO - Created Permission View: can delete on DAG:tutorial_taskflow_api_etl
[2022-12-29T20:24:41.276+0000] {logging_mixin.py:137} INFO - [2022-12-29T20:24:41.275+0000] {dag.py:2676} INFO - Sync 1 DAGs
[2022-12-29T20:24:41.335+0000] {logging_mixin.py:137} INFO - [2022-12-29T20:24:41.334+0000] {dag.py:2697} INFO - Creating ORM DAG for tutorial_taskflow_api_etl
[2022-12-29T20:24:41.405+0000] {logging_mixin.py:137} INFO - [2022-12-29T20:24:41.404+0000] {dag.py:3427} INFO - Setting next_dagrun for tutorial_taskflow_api_etl to None, run_after=None
[2022-12-29T20:24:41.496+0000] {processor.py:175} INFO - Processing /opt/airflow/dags/example_taskflow_api.py took 1.759 seconds
[2022-12-29T20:25:11.992+0000] {processor.py:153} INFO - Started process (PID=224) to work on /opt/airflow/dags/example_taskflow_api.py
[2022-12-29T20:25:11.996+0000] {processor.py:743} INFO - Processing file /opt/airflow/dags/example_taskflow_api.py for tasks to queue
[2022-12-29T20:25:12.005+0000] {logging_mixin.py:137} INFO - [2022-12-29T20:25:12.004+0000] {dagbag.py:538} INFO - Filling up the DagBag from /opt/airflow/dags/example_taskflow_api.py
[2022-12-29T20:25:12.320+0000] {logging_mixin.py:137} WARNING - /home/airflow/.local/lib/python3.7/site-packages/airflow/models/dag.py:3524 RemovedInAirflow3Warning: Param `schedule_interval` is deprecated and will be removed in a future release. Please use `schedule` instead.
[2022-12-29T20:25:12.399+0000] {processor.py:753} INFO - DAG(s) dict_keys(['tutorial_taskflow_api_etl']) retrieved from /opt/airflow/dags/example_taskflow_api.py
[2022-12-29T20:25:12.976+0000] {logging_mixin.py:137} INFO - [2022-12-29T20:25:12.976+0000] {dag.py:2676} INFO - Sync 1 DAGs
[2022-12-29T20:25:13.115+0000] {logging_mixin.py:137} INFO - [2022-12-29T20:25:13.115+0000] {dag.py:3427} INFO - Setting next_dagrun for tutorial_taskflow_api_etl to None, run_after=None
[2022-12-29T20:25:13.173+0000] {processor.py:175} INFO - Processing /opt/airflow/dags/example_taskflow_api.py took 1.202 seconds
[2022-12-29T20:25:43.345+0000] {processor.py:153} INFO - Started process (PID=267) to work on /opt/airflow/dags/example_taskflow_api.py
[2022-12-29T20:25:43.347+0000] {processor.py:743} INFO - Processing file /opt/airflow/dags/example_taskflow_api.py for tasks to queue
[2022-12-29T20:25:43.349+0000] {logging_mixin.py:137} INFO - [2022-12-29T20:25:43.349+0000] {dagbag.py:538} INFO - Filling up the DagBag from /opt/airflow/dags/example_taskflow_api.py
[2022-12-29T20:25:43.428+0000] {logging_mixin.py:137} WARNING - /home/airflow/.local/lib/python3.7/site-packages/airflow/models/dag.py:3524 RemovedInAirflow3Warning: Param `schedule_interval` is deprecated and will be removed in a future release. Please use `schedule` instead.
[2022-12-29T20:25:43.456+0000] {processor.py:753} INFO - DAG(s) dict_keys(['tutorial_taskflow_api_etl']) retrieved from /opt/airflow/dags/example_taskflow_api.py
[2022-12-29T20:25:43.561+0000] {logging_mixin.py:137} INFO - [2022-12-29T20:25:43.560+0000] {dag.py:2676} INFO - Sync 1 DAGs
[2022-12-29T20:25:43.608+0000] {logging_mixin.py:137} INFO - [2022-12-29T20:25:43.607+0000] {dag.py:3427} INFO - Setting next_dagrun for tutorial_taskflow_api_etl to None, run_after=None
[2022-12-29T20:25:43.642+0000] {processor.py:175} INFO - Processing /opt/airflow/dags/example_taskflow_api.py took 0.303 seconds
[2022-12-29T20:26:13.883+0000] {processor.py:153} INFO - Started process (PID=305) to work on /opt/airflow/dags/example_taskflow_api.py
[2022-12-29T20:26:13.884+0000] {processor.py:743} INFO - Processing file /opt/airflow/dags/example_taskflow_api.py for tasks to queue
[2022-12-29T20:26:13.886+0000] {logging_mixin.py:137} INFO - [2022-12-29T20:26:13.886+0000] {dagbag.py:538} INFO - Filling up the DagBag from /opt/airflow/dags/example_taskflow_api.py
[2022-12-29T20:26:13.985+0000] {logging_mixin.py:137} WARNING - /home/airflow/.local/lib/python3.7/site-packages/airflow/models/dag.py:3524 RemovedInAirflow3Warning: Param `schedule_interval` is deprecated and will be removed in a future release. Please use `schedule` instead.
[2022-12-29T20:26:14.006+0000] {processor.py:753} INFO - DAG(s) dict_keys(['tutorial_taskflow_api_etl']) retrieved from /opt/airflow/dags/example_taskflow_api.py
[2022-12-29T20:26:14.117+0000] {logging_mixin.py:137} INFO - [2022-12-29T20:26:14.117+0000] {dag.py:2676} INFO - Sync 1 DAGs
[2022-12-29T20:26:14.163+0000] {logging_mixin.py:137} INFO - [2022-12-29T20:26:14.163+0000] {dag.py:3427} INFO - Setting next_dagrun for tutorial_taskflow_api_etl to None, run_after=None
[2022-12-29T20:26:14.201+0000] {processor.py:175} INFO - Processing /opt/airflow/dags/example_taskflow_api.py took 0.328 seconds
[2022-12-29T20:26:44.434+0000] {processor.py:153} INFO - Started process (PID=342) to work on /opt/airflow/dags/example_taskflow_api.py
[2022-12-29T20:26:44.436+0000] {processor.py:743} INFO - Processing file /opt/airflow/dags/example_taskflow_api.py for tasks to queue
[2022-12-29T20:26:44.438+0000] {logging_mixin.py:137} INFO - [2022-12-29T20:26:44.438+0000] {dagbag.py:538} INFO - Filling up the DagBag from /opt/airflow/dags/example_taskflow_api.py
[2022-12-29T20:26:44.520+0000] {logging_mixin.py:137} WARNING - /home/airflow/.local/lib/python3.7/site-packages/airflow/models/dag.py:3524 RemovedInAirflow3Warning: Param `schedule_interval` is deprecated and will be removed in a future release. Please use `schedule` instead.
[2022-12-29T20:26:44.539+0000] {processor.py:753} INFO - DAG(s) dict_keys(['tutorial_taskflow_api_etl']) retrieved from /opt/airflow/dags/example_taskflow_api.py
[2022-12-29T20:26:44.635+0000] {logging_mixin.py:137} INFO - [2022-12-29T20:26:44.634+0000] {dag.py:2676} INFO - Sync 1 DAGs
[2022-12-29T20:26:44.700+0000] {logging_mixin.py:137} INFO - [2022-12-29T20:26:44.700+0000] {dag.py:3427} INFO - Setting next_dagrun for tutorial_taskflow_api_etl to None, run_after=None
[2022-12-29T20:26:44.754+0000] {processor.py:175} INFO - Processing /opt/airflow/dags/example_taskflow_api.py took 0.332 seconds
[2022-12-29T20:27:14.979+0000] {processor.py:153} INFO - Started process (PID=396) to work on /opt/airflow/dags/example_taskflow_api.py
[2022-12-29T20:27:14.981+0000] {processor.py:743} INFO - Processing file /opt/airflow/dags/example_taskflow_api.py for tasks to queue
[2022-12-29T20:27:14.982+0000] {logging_mixin.py:137} INFO - [2022-12-29T20:27:14.982+0000] {dagbag.py:538} INFO - Filling up the DagBag from /opt/airflow/dags/example_taskflow_api.py
[2022-12-29T20:27:15.034+0000] {logging_mixin.py:137} WARNING - /home/airflow/.local/lib/python3.7/site-packages/airflow/models/dag.py:3524 RemovedInAirflow3Warning: Param `schedule_interval` is deprecated and will be removed in a future release. Please use `schedule` instead.
[2022-12-29T20:27:15.048+0000] {processor.py:753} INFO - DAG(s) dict_keys(['tutorial_taskflow_api_etl']) retrieved from /opt/airflow/dags/example_taskflow_api.py
[2022-12-29T20:27:15.101+0000] {logging_mixin.py:137} INFO - [2022-12-29T20:27:15.101+0000] {dag.py:2676} INFO - Sync 1 DAGs
[2022-12-29T20:27:15.133+0000] {logging_mixin.py:137} INFO - [2022-12-29T20:27:15.133+0000] {dag.py:3427} INFO - Setting next_dagrun for tutorial_taskflow_api_etl to None, run_after=None
[2022-12-29T20:27:15.158+0000] {processor.py:175} INFO - Processing /opt/airflow/dags/example_taskflow_api.py took 0.182 seconds
[2022-12-29T20:27:45.353+0000] {processor.py:153} INFO - Started process (PID=433) to work on /opt/airflow/dags/example_taskflow_api.py
[2022-12-29T20:27:45.354+0000] {processor.py:743} INFO - Processing file /opt/airflow/dags/example_taskflow_api.py for tasks to queue
[2022-12-29T20:27:45.355+0000] {logging_mixin.py:137} INFO - [2022-12-29T20:27:45.355+0000] {dagbag.py:538} INFO - Filling up the DagBag from /opt/airflow/dags/example_taskflow_api.py
[2022-12-29T20:27:45.401+0000] {logging_mixin.py:137} WARNING - /home/airflow/.local/lib/python3.7/site-packages/airflow/models/dag.py:3524 RemovedInAirflow3Warning: Param `schedule_interval` is deprecated and will be removed in a future release. Please use `schedule` instead.
[2022-12-29T20:27:45.414+0000] {processor.py:753} INFO - DAG(s) dict_keys(['tutorial_taskflow_api_etl']) retrieved from /opt/airflow/dags/example_taskflow_api.py
[2022-12-29T20:27:45.466+0000] {logging_mixin.py:137} INFO - [2022-12-29T20:27:45.466+0000] {dag.py:2676} INFO - Sync 1 DAGs
[2022-12-29T20:27:45.502+0000] {logging_mixin.py:137} INFO - [2022-12-29T20:27:45.502+0000] {dag.py:3427} INFO - Setting next_dagrun for tutorial_taskflow_api_etl to None, run_after=None
[2022-12-29T20:27:45.533+0000] {processor.py:175} INFO - Processing /opt/airflow/dags/example_taskflow_api.py took 0.184 seconds
[2022-12-29T20:28:15.742+0000] {processor.py:153} INFO - Started process (PID=479) to work on /opt/airflow/dags/example_taskflow_api.py
[2022-12-29T20:28:15.743+0000] {processor.py:743} INFO - Processing file /opt/airflow/dags/example_taskflow_api.py for tasks to queue
[2022-12-29T20:28:15.744+0000] {logging_mixin.py:137} INFO - [2022-12-29T20:28:15.744+0000] {dagbag.py:538} INFO - Filling up the DagBag from /opt/airflow/dags/example_taskflow_api.py
[2022-12-29T20:28:15.800+0000] {logging_mixin.py:137} WARNING - /home/airflow/.local/lib/python3.7/site-packages/airflow/models/dag.py:3524 RemovedInAirflow3Warning: Param `schedule_interval` is deprecated and will be removed in a future release. Please use `schedule` instead.
[2022-12-29T20:28:15.813+0000] {processor.py:753} INFO - DAG(s) dict_keys(['tutorial_taskflow_api_etl']) retrieved from /opt/airflow/dags/example_taskflow_api.py
[2022-12-29T20:28:15.867+0000] {logging_mixin.py:137} INFO - [2022-12-29T20:28:15.867+0000] {dag.py:2676} INFO - Sync 1 DAGs
[2022-12-29T20:28:15.907+0000] {logging_mixin.py:137} INFO - [2022-12-29T20:28:15.907+0000] {dag.py:3427} INFO - Setting next_dagrun for tutorial_taskflow_api_etl to None, run_after=None
[2022-12-29T20:28:15.941+0000] {processor.py:175} INFO - Processing /opt/airflow/dags/example_taskflow_api.py took 0.204 seconds
[2022-12-29T20:28:46.159+0000] {processor.py:153} INFO - Started process (PID=524) to work on /opt/airflow/dags/example_taskflow_api.py
[2022-12-29T20:28:46.160+0000] {processor.py:743} INFO - Processing file /opt/airflow/dags/example_taskflow_api.py for tasks to queue
[2022-12-29T20:28:46.162+0000] {logging_mixin.py:137} INFO - [2022-12-29T20:28:46.162+0000] {dagbag.py:538} INFO - Filling up the DagBag from /opt/airflow/dags/example_taskflow_api.py
[2022-12-29T20:28:46.213+0000] {logging_mixin.py:137} WARNING - /home/airflow/.local/lib/python3.7/site-packages/airflow/models/dag.py:3524 RemovedInAirflow3Warning: Param `schedule_interval` is deprecated and will be removed in a future release. Please use `schedule` instead.
[2022-12-29T20:28:46.226+0000] {processor.py:753} INFO - DAG(s) dict_keys(['tutorial_taskflow_api_etl']) retrieved from /opt/airflow/dags/example_taskflow_api.py
[2022-12-29T20:28:46.281+0000] {logging_mixin.py:137} INFO - [2022-12-29T20:28:46.281+0000] {dag.py:2676} INFO - Sync 1 DAGs
[2022-12-29T20:28:46.322+0000] {logging_mixin.py:137} INFO - [2022-12-29T20:28:46.322+0000] {dag.py:3427} INFO - Setting next_dagrun for tutorial_taskflow_api_etl to None, run_after=None
[2022-12-29T20:28:46.354+0000] {processor.py:175} INFO - Processing /opt/airflow/dags/example_taskflow_api.py took 0.200 seconds
[2022-12-29T20:29:16.615+0000] {processor.py:153} INFO - Started process (PID=561) to work on /opt/airflow/dags/example_taskflow_api.py
[2022-12-29T20:29:16.618+0000] {processor.py:743} INFO - Processing file /opt/airflow/dags/example_taskflow_api.py for tasks to queue
[2022-12-29T20:29:16.621+0000] {logging_mixin.py:137} INFO - [2022-12-29T20:29:16.620+0000] {dagbag.py:538} INFO - Filling up the DagBag from /opt/airflow/dags/example_taskflow_api.py
[2022-12-29T20:29:16.731+0000] {logging_mixin.py:137} WARNING - /home/airflow/.local/lib/python3.7/site-packages/airflow/models/dag.py:3524 RemovedInAirflow3Warning: Param `schedule_interval` is deprecated and will be removed in a future release. Please use `schedule` instead.
[2022-12-29T20:29:16.753+0000] {processor.py:753} INFO - DAG(s) dict_keys(['tutorial_taskflow_api_etl']) retrieved from /opt/airflow/dags/example_taskflow_api.py
[2022-12-29T20:29:16.843+0000] {logging_mixin.py:137} INFO - [2022-12-29T20:29:16.843+0000] {dag.py:2676} INFO - Sync 1 DAGs
[2022-12-29T20:29:16.916+0000] {logging_mixin.py:137} INFO - [2022-12-29T20:29:16.916+0000] {dag.py:3427} INFO - Setting next_dagrun for tutorial_taskflow_api_etl to None, run_after=None
[2022-12-29T20:29:16.967+0000] {processor.py:175} INFO - Processing /opt/airflow/dags/example_taskflow_api.py took 0.361 seconds
[2022-12-29T20:29:47.264+0000] {processor.py:153} INFO - Started process (PID=603) to work on /opt/airflow/dags/example_taskflow_api.py
[2022-12-29T20:29:47.267+0000] {processor.py:743} INFO - Processing file /opt/airflow/dags/example_taskflow_api.py for tasks to queue
[2022-12-29T20:29:47.272+0000] {logging_mixin.py:137} INFO - [2022-12-29T20:29:47.271+0000] {dagbag.py:538} INFO - Filling up the DagBag from /opt/airflow/dags/example_taskflow_api.py
[2022-12-29T20:29:47.351+0000] {logging_mixin.py:137} WARNING - /home/airflow/.local/lib/python3.7/site-packages/airflow/models/dag.py:3524 RemovedInAirflow3Warning: Param `schedule_interval` is deprecated and will be removed in a future release. Please use `schedule` instead.
[2022-12-29T20:29:47.372+0000] {processor.py:753} INFO - DAG(s) dict_keys(['tutorial_taskflow_api_etl']) retrieved from /opt/airflow/dags/example_taskflow_api.py
[2022-12-29T20:29:47.442+0000] {logging_mixin.py:137} INFO - [2022-12-29T20:29:47.441+0000] {dag.py:2676} INFO - Sync 1 DAGs
[2022-12-29T20:29:47.489+0000] {logging_mixin.py:137} INFO - [2022-12-29T20:29:47.489+0000] {dag.py:3427} INFO - Setting next_dagrun for tutorial_taskflow_api_etl to None, run_after=None
[2022-12-29T20:29:47.530+0000] {processor.py:175} INFO - Processing /opt/airflow/dags/example_taskflow_api.py took 0.274 seconds
[2022-12-29T20:30:17.711+0000] {processor.py:153} INFO - Started process (PID=661) to work on /opt/airflow/dags/example_taskflow_api.py
[2022-12-29T20:30:17.713+0000] {processor.py:743} INFO - Processing file /opt/airflow/dags/example_taskflow_api.py for tasks to queue
[2022-12-29T20:30:17.716+0000] {logging_mixin.py:137} INFO - [2022-12-29T20:30:17.716+0000] {dagbag.py:538} INFO - Filling up the DagBag from /opt/airflow/dags/example_taskflow_api.py
[2022-12-29T20:30:17.767+0000] {logging_mixin.py:137} WARNING - /home/airflow/.local/lib/python3.7/site-packages/airflow/models/dag.py:3524 RemovedInAirflow3Warning: Param `schedule_interval` is deprecated and will be removed in a future release. Please use `schedule` instead.
[2022-12-29T20:30:17.784+0000] {processor.py:753} INFO - DAG(s) dict_keys(['tutorial_taskflow_api_etl']) retrieved from /opt/airflow/dags/example_taskflow_api.py
[2022-12-29T20:30:17.846+0000] {logging_mixin.py:137} INFO - [2022-12-29T20:30:17.845+0000] {dag.py:2676} INFO - Sync 1 DAGs
[2022-12-29T20:30:17.881+0000] {logging_mixin.py:137} INFO - [2022-12-29T20:30:17.880+0000] {dag.py:3427} INFO - Setting next_dagrun for tutorial_taskflow_api_etl to None, run_after=None
[2022-12-29T20:30:17.909+0000] {processor.py:175} INFO - Processing /opt/airflow/dags/example_taskflow_api.py took 0.203 seconds
[2022-12-29T20:30:48.117+0000] {processor.py:153} INFO - Started process (PID=703) to work on /opt/airflow/dags/example_taskflow_api.py
[2022-12-29T20:30:48.118+0000] {processor.py:743} INFO - Processing file /opt/airflow/dags/example_taskflow_api.py for tasks to queue
[2022-12-29T20:30:48.119+0000] {logging_mixin.py:137} INFO - [2022-12-29T20:30:48.119+0000] {dagbag.py:538} INFO - Filling up the DagBag from /opt/airflow/dags/example_taskflow_api.py
[2022-12-29T20:30:48.170+0000] {logging_mixin.py:137} WARNING - /home/airflow/.local/lib/python3.7/site-packages/airflow/models/dag.py:3524 RemovedInAirflow3Warning: Param `schedule_interval` is deprecated and will be removed in a future release. Please use `schedule` instead.
[2022-12-29T20:30:48.184+0000] {processor.py:753} INFO - DAG(s) dict_keys(['tutorial_taskflow_api_etl']) retrieved from /opt/airflow/dags/example_taskflow_api.py
[2022-12-29T20:30:48.232+0000] {logging_mixin.py:137} INFO - [2022-12-29T20:30:48.232+0000] {dag.py:2676} INFO - Sync 1 DAGs
[2022-12-29T20:30:48.268+0000] {logging_mixin.py:137} INFO - [2022-12-29T20:30:48.267+0000] {dag.py:3427} INFO - Setting next_dagrun for tutorial_taskflow_api_etl to None, run_after=None
[2022-12-29T20:30:48.302+0000] {processor.py:175} INFO - Processing /opt/airflow/dags/example_taskflow_api.py took 0.189 seconds
[2022-12-29T20:31:18.348+0000] {processor.py:153} INFO - Started process (PID=745) to work on /opt/airflow/dags/example_taskflow_api.py
[2022-12-29T20:31:18.350+0000] {processor.py:743} INFO - Processing file /opt/airflow/dags/example_taskflow_api.py for tasks to queue
[2022-12-29T20:31:18.351+0000] {logging_mixin.py:137} INFO - [2022-12-29T20:31:18.350+0000] {dagbag.py:538} INFO - Filling up the DagBag from /opt/airflow/dags/example_taskflow_api.py
[2022-12-29T20:31:18.388+0000] {logging_mixin.py:137} WARNING - /home/airflow/.local/lib/python3.7/site-packages/airflow/models/dag.py:3524 RemovedInAirflow3Warning: Param `schedule_interval` is deprecated and will be removed in a future release. Please use `schedule` instead.
[2022-12-29T20:31:18.398+0000] {processor.py:753} INFO - DAG(s) dict_keys(['tutorial_taskflow_api_etl']) retrieved from /opt/airflow/dags/example_taskflow_api.py
[2022-12-29T20:31:18.438+0000] {logging_mixin.py:137} INFO - [2022-12-29T20:31:18.438+0000] {dag.py:2676} INFO - Sync 1 DAGs
[2022-12-29T20:31:18.476+0000] {logging_mixin.py:137} INFO - [2022-12-29T20:31:18.476+0000] {dag.py:3427} INFO - Setting next_dagrun for tutorial_taskflow_api_etl to None, run_after=None
[2022-12-29T20:31:18.500+0000] {processor.py:175} INFO - Processing /opt/airflow/dags/example_taskflow_api.py took 0.155 seconds
[2022-12-29T20:31:48.817+0000] {processor.py:153} INFO - Started process (PID=803) to work on /opt/airflow/dags/example_taskflow_api.py
[2022-12-29T20:31:48.820+0000] {processor.py:743} INFO - Processing file /opt/airflow/dags/example_taskflow_api.py for tasks to queue
[2022-12-29T20:31:48.821+0000] {logging_mixin.py:137} INFO - [2022-12-29T20:31:48.821+0000] {dagbag.py:538} INFO - Filling up the DagBag from /opt/airflow/dags/example_taskflow_api.py
[2022-12-29T20:31:48.881+0000] {logging_mixin.py:137} WARNING - /home/airflow/.local/lib/python3.7/site-packages/airflow/models/dag.py:3524 RemovedInAirflow3Warning: Param `schedule_interval` is deprecated and will be removed in a future release. Please use `schedule` instead.
[2022-12-29T20:31:48.894+0000] {processor.py:753} INFO - DAG(s) dict_keys(['tutorial_taskflow_api_etl']) retrieved from /opt/airflow/dags/example_taskflow_api.py
[2022-12-29T20:31:48.944+0000] {logging_mixin.py:137} INFO - [2022-12-29T20:31:48.944+0000] {dag.py:2676} INFO - Sync 1 DAGs
[2022-12-29T20:31:48.981+0000] {logging_mixin.py:137} INFO - [2022-12-29T20:31:48.980+0000] {dag.py:3427} INFO - Setting next_dagrun for tutorial_taskflow_api_etl to None, run_after=None
[2022-12-29T20:31:49.009+0000] {processor.py:175} INFO - Processing /opt/airflow/dags/example_taskflow_api.py took 0.197 seconds
[2022-12-29T20:32:19.059+0000] {processor.py:153} INFO - Started process (PID=845) to work on /opt/airflow/dags/example_taskflow_api.py
[2022-12-29T20:32:19.061+0000] {processor.py:743} INFO - Processing file /opt/airflow/dags/example_taskflow_api.py for tasks to queue
[2022-12-29T20:32:19.062+0000] {logging_mixin.py:137} INFO - [2022-12-29T20:32:19.062+0000] {dagbag.py:538} INFO - Filling up the DagBag from /opt/airflow/dags/example_taskflow_api.py
[2022-12-29T20:32:19.101+0000] {logging_mixin.py:137} WARNING - /home/airflow/.local/lib/python3.7/site-packages/airflow/models/dag.py:3524 RemovedInAirflow3Warning: Param `schedule_interval` is deprecated and will be removed in a future release. Please use `schedule` instead.
[2022-12-29T20:32:19.111+0000] {processor.py:753} INFO - DAG(s) dict_keys(['tutorial_taskflow_api_etl']) retrieved from /opt/airflow/dags/example_taskflow_api.py
[2022-12-29T20:32:19.151+0000] {logging_mixin.py:137} INFO - [2022-12-29T20:32:19.151+0000] {dag.py:2676} INFO - Sync 1 DAGs
[2022-12-29T20:32:19.187+0000] {logging_mixin.py:137} INFO - [2022-12-29T20:32:19.187+0000] {dag.py:3427} INFO - Setting next_dagrun for tutorial_taskflow_api_etl to None, run_after=None
[2022-12-29T20:32:19.212+0000] {processor.py:175} INFO - Processing /opt/airflow/dags/example_taskflow_api.py took 0.157 seconds
[2022-12-29T20:32:49.466+0000] {processor.py:153} INFO - Started process (PID=887) to work on /opt/airflow/dags/example_taskflow_api.py
[2022-12-29T20:32:49.468+0000] {processor.py:743} INFO - Processing file /opt/airflow/dags/example_taskflow_api.py for tasks to queue
[2022-12-29T20:32:49.469+0000] {logging_mixin.py:137} INFO - [2022-12-29T20:32:49.469+0000] {dagbag.py:538} INFO - Filling up the DagBag from /opt/airflow/dags/example_taskflow_api.py
[2022-12-29T20:32:49.508+0000] {logging_mixin.py:137} WARNING - /home/airflow/.local/lib/python3.7/site-packages/airflow/models/dag.py:3524 RemovedInAirflow3Warning: Param `schedule_interval` is deprecated and will be removed in a future release. Please use `schedule` instead.
[2022-12-29T20:32:49.518+0000] {processor.py:753} INFO - DAG(s) dict_keys(['tutorial_taskflow_api_etl']) retrieved from /opt/airflow/dags/example_taskflow_api.py
[2022-12-29T20:32:49.557+0000] {logging_mixin.py:137} INFO - [2022-12-29T20:32:49.557+0000] {dag.py:2676} INFO - Sync 1 DAGs
[2022-12-29T20:32:49.586+0000] {logging_mixin.py:137} INFO - [2022-12-29T20:32:49.586+0000] {dag.py:3427} INFO - Setting next_dagrun for tutorial_taskflow_api_etl to None, run_after=None
[2022-12-29T20:32:49.608+0000] {processor.py:175} INFO - Processing /opt/airflow/dags/example_taskflow_api.py took 0.145 seconds
[2022-12-29T20:33:19.885+0000] {processor.py:153} INFO - Started process (PID=945) to work on /opt/airflow/dags/example_taskflow_api.py
[2022-12-29T20:33:19.886+0000] {processor.py:743} INFO - Processing file /opt/airflow/dags/example_taskflow_api.py for tasks to queue
[2022-12-29T20:33:19.887+0000] {logging_mixin.py:137} INFO - [2022-12-29T20:33:19.887+0000] {dagbag.py:538} INFO - Filling up the DagBag from /opt/airflow/dags/example_taskflow_api.py
[2022-12-29T20:33:19.928+0000] {logging_mixin.py:137} WARNING - /home/airflow/.local/lib/python3.7/site-packages/airflow/models/dag.py:3524 RemovedInAirflow3Warning: Param `schedule_interval` is deprecated and will be removed in a future release. Please use `schedule` instead.
[2022-12-29T20:33:19.938+0000] {processor.py:753} INFO - DAG(s) dict_keys(['tutorial_taskflow_api_etl']) retrieved from /opt/airflow/dags/example_taskflow_api.py
[2022-12-29T20:33:19.979+0000] {logging_mixin.py:137} INFO - [2022-12-29T20:33:19.979+0000] {dag.py:2676} INFO - Sync 1 DAGs
[2022-12-29T20:33:20.009+0000] {logging_mixin.py:137} INFO - [2022-12-29T20:33:20.009+0000] {dag.py:3427} INFO - Setting next_dagrun for tutorial_taskflow_api_etl to None, run_after=None
[2022-12-29T20:33:20.034+0000] {processor.py:175} INFO - Processing /opt/airflow/dags/example_taskflow_api.py took 0.153 seconds
[2022-12-29T20:33:50.315+0000] {processor.py:153} INFO - Started process (PID=987) to work on /opt/airflow/dags/example_taskflow_api.py
[2022-12-29T20:33:50.317+0000] {processor.py:743} INFO - Processing file /opt/airflow/dags/example_taskflow_api.py for tasks to queue
[2022-12-29T20:33:50.318+0000] {logging_mixin.py:137} INFO - [2022-12-29T20:33:50.318+0000] {dagbag.py:538} INFO - Filling up the DagBag from /opt/airflow/dags/example_taskflow_api.py
[2022-12-29T20:33:50.355+0000] {logging_mixin.py:137} WARNING - /home/airflow/.local/lib/python3.7/site-packages/airflow/models/dag.py:3524 RemovedInAirflow3Warning: Param `schedule_interval` is deprecated and will be removed in a future release. Please use `schedule` instead.
[2022-12-29T20:33:50.367+0000] {processor.py:753} INFO - DAG(s) dict_keys(['tutorial_taskflow_api_etl']) retrieved from /opt/airflow/dags/example_taskflow_api.py
[2022-12-29T20:33:50.407+0000] {logging_mixin.py:137} INFO - [2022-12-29T20:33:50.406+0000] {dag.py:2676} INFO - Sync 1 DAGs
[2022-12-29T20:33:50.437+0000] {logging_mixin.py:137} INFO - [2022-12-29T20:33:50.437+0000] {dag.py:3427} INFO - Setting next_dagrun for tutorial_taskflow_api_etl to None, run_after=None
[2022-12-29T20:33:50.464+0000] {processor.py:175} INFO - Processing /opt/airflow/dags/example_taskflow_api.py took 0.153 seconds
[2022-12-29T20:34:20.881+0000] {processor.py:153} INFO - Started process (PID=1045) to work on /opt/airflow/dags/example_taskflow_api.py
[2022-12-29T20:34:20.885+0000] {processor.py:743} INFO - Processing file /opt/airflow/dags/example_taskflow_api.py for tasks to queue
[2022-12-29T20:34:20.888+0000] {logging_mixin.py:137} INFO - [2022-12-29T20:34:20.887+0000] {dagbag.py:538} INFO - Filling up the DagBag from /opt/airflow/dags/example_taskflow_api.py
[2022-12-29T20:34:21.114+0000] {logging_mixin.py:137} WARNING - /home/airflow/.local/lib/python3.7/site-packages/airflow/models/dag.py:3524 RemovedInAirflow3Warning: Param `schedule_interval` is deprecated and will be removed in a future release. Please use `schedule` instead.
[2022-12-29T20:34:21.152+0000] {processor.py:753} INFO - DAG(s) dict_keys(['tutorial_taskflow_api_etl']) retrieved from /opt/airflow/dags/example_taskflow_api.py
[2022-12-29T20:34:21.278+0000] {logging_mixin.py:137} INFO - [2022-12-29T20:34:21.278+0000] {dag.py:2676} INFO - Sync 1 DAGs
[2022-12-29T20:34:21.415+0000] {logging_mixin.py:137} INFO - [2022-12-29T20:34:21.414+0000] {dag.py:3427} INFO - Setting next_dagrun for tutorial_taskflow_api_etl to None, run_after=None
[2022-12-29T20:34:21.493+0000] {processor.py:175} INFO - Processing /opt/airflow/dags/example_taskflow_api.py took 0.622 seconds
[2022-12-29T20:34:52.344+0000] {processor.py:153} INFO - Started process (PID=1087) to work on /opt/airflow/dags/example_taskflow_api.py
[2022-12-29T20:34:52.346+0000] {processor.py:743} INFO - Processing file /opt/airflow/dags/example_taskflow_api.py for tasks to queue
[2022-12-29T20:34:52.348+0000] {logging_mixin.py:137} INFO - [2022-12-29T20:34:52.347+0000] {dagbag.py:538} INFO - Filling up the DagBag from /opt/airflow/dags/example_taskflow_api.py
[2022-12-29T20:34:52.404+0000] {logging_mixin.py:137} WARNING - /home/airflow/.local/lib/python3.7/site-packages/airflow/models/dag.py:3524 RemovedInAirflow3Warning: Param `schedule_interval` is deprecated and will be removed in a future release. Please use `schedule` instead.
[2022-12-29T20:34:52.418+0000] {processor.py:753} INFO - DAG(s) dict_keys(['tutorial_taskflow_api_etl']) retrieved from /opt/airflow/dags/example_taskflow_api.py
[2022-12-29T20:34:52.483+0000] {logging_mixin.py:137} INFO - [2022-12-29T20:34:52.483+0000] {dag.py:2676} INFO - Sync 1 DAGs
[2022-12-29T20:34:52.524+0000] {logging_mixin.py:137} INFO - [2022-12-29T20:34:52.524+0000] {dag.py:3427} INFO - Setting next_dagrun for tutorial_taskflow_api_etl to None, run_after=None
[2022-12-29T20:34:52.557+0000] {processor.py:175} INFO - Processing /opt/airflow/dags/example_taskflow_api.py took 0.217 seconds
[2022-12-29T20:35:22.907+0000] {processor.py:153} INFO - Started process (PID=1131) to work on /opt/airflow/dags/example_taskflow_api.py
[2022-12-29T20:35:22.909+0000] {processor.py:743} INFO - Processing file /opt/airflow/dags/example_taskflow_api.py for tasks to queue
[2022-12-29T20:35:22.912+0000] {logging_mixin.py:137} INFO - [2022-12-29T20:35:22.912+0000] {dagbag.py:538} INFO - Filling up the DagBag from /opt/airflow/dags/example_taskflow_api.py
[2022-12-29T20:35:22.974+0000] {logging_mixin.py:137} WARNING - /home/airflow/.local/lib/python3.7/site-packages/airflow/models/dag.py:3524 RemovedInAirflow3Warning: Param `schedule_interval` is deprecated and will be removed in a future release. Please use `schedule` instead.
[2022-12-29T20:35:22.988+0000] {processor.py:753} INFO - DAG(s) dict_keys(['tutorial_taskflow_api_etl']) retrieved from /opt/airflow/dags/example_taskflow_api.py
[2022-12-29T20:35:23.045+0000] {logging_mixin.py:137} INFO - [2022-12-29T20:35:23.044+0000] {dag.py:2676} INFO - Sync 1 DAGs
[2022-12-29T20:35:23.091+0000] {logging_mixin.py:137} INFO - [2022-12-29T20:35:23.091+0000] {dag.py:3427} INFO - Setting next_dagrun for tutorial_taskflow_api_etl to None, run_after=None
[2022-12-29T20:35:23.129+0000] {processor.py:175} INFO - Processing /opt/airflow/dags/example_taskflow_api.py took 0.225 seconds
[2022-12-29T20:35:53.334+0000] {processor.py:153} INFO - Started process (PID=1187) to work on /opt/airflow/dags/example_taskflow_api.py
[2022-12-29T20:35:53.335+0000] {processor.py:743} INFO - Processing file /opt/airflow/dags/example_taskflow_api.py for tasks to queue
[2022-12-29T20:35:53.337+0000] {logging_mixin.py:137} INFO - [2022-12-29T20:35:53.337+0000] {dagbag.py:538} INFO - Filling up the DagBag from /opt/airflow/dags/example_taskflow_api.py
[2022-12-29T20:35:53.378+0000] {logging_mixin.py:137} WARNING - /home/airflow/.local/lib/python3.7/site-packages/airflow/models/dag.py:3524 RemovedInAirflow3Warning: Param `schedule_interval` is deprecated and will be removed in a future release. Please use `schedule` instead.
[2022-12-29T20:35:53.388+0000] {processor.py:753} INFO - DAG(s) dict_keys(['tutorial_taskflow_api_etl']) retrieved from /opt/airflow/dags/example_taskflow_api.py
[2022-12-29T20:35:53.429+0000] {logging_mixin.py:137} INFO - [2022-12-29T20:35:53.428+0000] {dag.py:2676} INFO - Sync 1 DAGs
[2022-12-29T20:35:53.456+0000] {logging_mixin.py:137} INFO - [2022-12-29T20:35:53.456+0000] {dag.py:3427} INFO - Setting next_dagrun for tutorial_taskflow_api_etl to None, run_after=None
[2022-12-29T20:35:53.480+0000] {processor.py:175} INFO - Processing /opt/airflow/dags/example_taskflow_api.py took 0.150 seconds
[2022-12-29T20:36:23.783+0000] {processor.py:153} INFO - Started process (PID=1229) to work on /opt/airflow/dags/example_taskflow_api.py
[2022-12-29T20:36:23.784+0000] {processor.py:743} INFO - Processing file /opt/airflow/dags/example_taskflow_api.py for tasks to queue
[2022-12-29T20:36:23.785+0000] {logging_mixin.py:137} INFO - [2022-12-29T20:36:23.785+0000] {dagbag.py:538} INFO - Filling up the DagBag from /opt/airflow/dags/example_taskflow_api.py
[2022-12-29T20:36:23.826+0000] {logging_mixin.py:137} WARNING - /home/airflow/.local/lib/python3.7/site-packages/airflow/models/dag.py:3524 RemovedInAirflow3Warning: Param `schedule_interval` is deprecated and will be removed in a future release. Please use `schedule` instead.
[2022-12-29T20:36:23.836+0000] {processor.py:753} INFO - DAG(s) dict_keys(['tutorial_taskflow_api_etl']) retrieved from /opt/airflow/dags/example_taskflow_api.py
[2022-12-29T20:36:23.875+0000] {logging_mixin.py:137} INFO - [2022-12-29T20:36:23.875+0000] {dag.py:2676} INFO - Sync 1 DAGs
[2022-12-29T20:36:23.905+0000] {logging_mixin.py:137} INFO - [2022-12-29T20:36:23.905+0000] {dag.py:3427} INFO - Setting next_dagrun for tutorial_taskflow_api_etl to None, run_after=None
[2022-12-29T20:36:23.930+0000] {processor.py:175} INFO - Processing /opt/airflow/dags/example_taskflow_api.py took 0.151 seconds
[2022-12-29T20:36:54.203+0000] {processor.py:153} INFO - Started process (PID=1280) to work on /opt/airflow/dags/example_taskflow_api.py
[2022-12-29T20:36:54.205+0000] {processor.py:743} INFO - Processing file /opt/airflow/dags/example_taskflow_api.py for tasks to queue
[2022-12-29T20:36:54.206+0000] {logging_mixin.py:137} INFO - [2022-12-29T20:36:54.206+0000] {dagbag.py:538} INFO - Filling up the DagBag from /opt/airflow/dags/example_taskflow_api.py
[2022-12-29T20:36:54.244+0000] {logging_mixin.py:137} WARNING - /home/airflow/.local/lib/python3.7/site-packages/airflow/models/dag.py:3524 RemovedInAirflow3Warning: Param `schedule_interval` is deprecated and will be removed in a future release. Please use `schedule` instead.
[2022-12-29T20:36:54.255+0000] {processor.py:753} INFO - DAG(s) dict_keys(['tutorial_taskflow_api_etl']) retrieved from /opt/airflow/dags/example_taskflow_api.py
[2022-12-29T20:36:54.299+0000] {logging_mixin.py:137} INFO - [2022-12-29T20:36:54.299+0000] {dag.py:2676} INFO - Sync 1 DAGs
[2022-12-29T20:36:54.328+0000] {logging_mixin.py:137} INFO - [2022-12-29T20:36:54.328+0000] {dag.py:3427} INFO - Setting next_dagrun for tutorial_taskflow_api_etl to None, run_after=None
[2022-12-29T20:36:54.354+0000] {processor.py:175} INFO - Processing /opt/airflow/dags/example_taskflow_api.py took 0.153 seconds
[2022-12-29T20:37:24.446+0000] {processor.py:153} INFO - Started process (PID=1329) to work on /opt/airflow/dags/example_taskflow_api.py
[2022-12-29T20:37:24.447+0000] {processor.py:743} INFO - Processing file /opt/airflow/dags/example_taskflow_api.py for tasks to queue
[2022-12-29T20:37:24.448+0000] {logging_mixin.py:137} INFO - [2022-12-29T20:37:24.448+0000] {dagbag.py:538} INFO - Filling up the DagBag from /opt/airflow/dags/example_taskflow_api.py
[2022-12-29T20:37:24.491+0000] {logging_mixin.py:137} WARNING - /home/airflow/.local/lib/python3.7/site-packages/airflow/models/dag.py:3524 RemovedInAirflow3Warning: Param `schedule_interval` is deprecated and will be removed in a future release. Please use `schedule` instead.
[2022-12-29T20:37:24.501+0000] {processor.py:753} INFO - DAG(s) dict_keys(['tutorial_taskflow_api_etl']) retrieved from /opt/airflow/dags/example_taskflow_api.py
[2022-12-29T20:37:24.545+0000] {logging_mixin.py:137} INFO - [2022-12-29T20:37:24.544+0000] {dag.py:2676} INFO - Sync 1 DAGs
[2022-12-29T20:37:24.576+0000] {logging_mixin.py:137} INFO - [2022-12-29T20:37:24.576+0000] {dag.py:3427} INFO - Setting next_dagrun for tutorial_taskflow_api_etl to None, run_after=None
[2022-12-29T20:37:24.604+0000] {processor.py:175} INFO - Processing /opt/airflow/dags/example_taskflow_api.py took 0.161 seconds
[2022-12-29T20:37:54.905+0000] {processor.py:153} INFO - Started process (PID=1371) to work on /opt/airflow/dags/example_taskflow_api.py
[2022-12-29T20:37:54.907+0000] {processor.py:743} INFO - Processing file /opt/airflow/dags/example_taskflow_api.py for tasks to queue
[2022-12-29T20:37:54.908+0000] {logging_mixin.py:137} INFO - [2022-12-29T20:37:54.908+0000] {dagbag.py:538} INFO - Filling up the DagBag from /opt/airflow/dags/example_taskflow_api.py
[2022-12-29T20:37:54.949+0000] {logging_mixin.py:137} WARNING - /home/airflow/.local/lib/python3.7/site-packages/airflow/models/dag.py:3524 RemovedInAirflow3Warning: Param `schedule_interval` is deprecated and will be removed in a future release. Please use `schedule` instead.
[2022-12-29T20:37:54.961+0000] {processor.py:753} INFO - DAG(s) dict_keys(['tutorial_taskflow_api_etl']) retrieved from /opt/airflow/dags/example_taskflow_api.py
[2022-12-29T20:37:55.002+0000] {logging_mixin.py:137} INFO - [2022-12-29T20:37:55.002+0000] {dag.py:2676} INFO - Sync 1 DAGs
[2022-12-29T20:37:55.033+0000] {logging_mixin.py:137} INFO - [2022-12-29T20:37:55.032+0000] {dag.py:3427} INFO - Setting next_dagrun for tutorial_taskflow_api_etl to None, run_after=None
[2022-12-29T20:37:55.058+0000] {processor.py:175} INFO - Processing /opt/airflow/dags/example_taskflow_api.py took 0.157 seconds
[2022-12-29T20:38:25.404+0000] {processor.py:153} INFO - Started process (PID=1429) to work on /opt/airflow/dags/example_taskflow_api.py
[2022-12-29T20:38:25.406+0000] {processor.py:743} INFO - Processing file /opt/airflow/dags/example_taskflow_api.py for tasks to queue
[2022-12-29T20:38:25.408+0000] {logging_mixin.py:137} INFO - [2022-12-29T20:38:25.407+0000] {dagbag.py:538} INFO - Filling up the DagBag from /opt/airflow/dags/example_taskflow_api.py
[2022-12-29T20:38:25.464+0000] {logging_mixin.py:137} WARNING - /home/airflow/.local/lib/python3.7/site-packages/airflow/models/dag.py:3524 RemovedInAirflow3Warning: Param `schedule_interval` is deprecated and will be removed in a future release. Please use `schedule` instead.
[2022-12-29T20:38:25.478+0000] {processor.py:753} INFO - DAG(s) dict_keys(['tutorial_taskflow_api_etl']) retrieved from /opt/airflow/dags/example_taskflow_api.py
[2022-12-29T20:38:25.541+0000] {logging_mixin.py:137} INFO - [2022-12-29T20:38:25.540+0000] {dag.py:2676} INFO - Sync 1 DAGs
[2022-12-29T20:38:25.585+0000] {logging_mixin.py:137} INFO - [2022-12-29T20:38:25.585+0000] {dag.py:3427} INFO - Setting next_dagrun for tutorial_taskflow_api_etl to None, run_after=None
[2022-12-29T20:38:25.626+0000] {processor.py:175} INFO - Processing /opt/airflow/dags/example_taskflow_api.py took 0.227 seconds
[2022-12-29T20:38:55.897+0000] {processor.py:153} INFO - Started process (PID=1471) to work on /opt/airflow/dags/example_taskflow_api.py
[2022-12-29T20:38:55.899+0000] {processor.py:743} INFO - Processing file /opt/airflow/dags/example_taskflow_api.py for tasks to queue
[2022-12-29T20:38:55.900+0000] {logging_mixin.py:137} INFO - [2022-12-29T20:38:55.900+0000] {dagbag.py:538} INFO - Filling up the DagBag from /opt/airflow/dags/example_taskflow_api.py
[2022-12-29T20:38:55.941+0000] {logging_mixin.py:137} WARNING - /home/airflow/.local/lib/python3.7/site-packages/airflow/models/dag.py:3524 RemovedInAirflow3Warning: Param `schedule_interval` is deprecated and will be removed in a future release. Please use `schedule` instead.
[2022-12-29T20:38:55.951+0000] {processor.py:753} INFO - DAG(s) dict_keys(['tutorial_taskflow_api_etl']) retrieved from /opt/airflow/dags/example_taskflow_api.py
[2022-12-29T20:38:55.991+0000] {logging_mixin.py:137} INFO - [2022-12-29T20:38:55.991+0000] {dag.py:2676} INFO - Sync 1 DAGs
[2022-12-29T20:38:56.019+0000] {logging_mixin.py:137} INFO - [2022-12-29T20:38:56.019+0000] {dag.py:3427} INFO - Setting next_dagrun for tutorial_taskflow_api_etl to None, run_after=None
[2022-12-29T20:38:56.044+0000] {processor.py:175} INFO - Processing /opt/airflow/dags/example_taskflow_api.py took 0.150 seconds
[2022-12-29T20:39:26.331+0000] {processor.py:153} INFO - Started process (PID=1515) to work on /opt/airflow/dags/example_taskflow_api.py
[2022-12-29T20:39:26.332+0000] {processor.py:743} INFO - Processing file /opt/airflow/dags/example_taskflow_api.py for tasks to queue
[2022-12-29T20:39:26.333+0000] {logging_mixin.py:137} INFO - [2022-12-29T20:39:26.333+0000] {dagbag.py:538} INFO - Filling up the DagBag from /opt/airflow/dags/example_taskflow_api.py
[2022-12-29T20:39:26.391+0000] {logging_mixin.py:137} WARNING - /home/airflow/.local/lib/python3.7/site-packages/airflow/models/dag.py:3524 RemovedInAirflow3Warning: Param `schedule_interval` is deprecated and will be removed in a future release. Please use `schedule` instead.
[2022-12-29T20:39:26.404+0000] {processor.py:753} INFO - DAG(s) dict_keys(['tutorial_taskflow_api_etl']) retrieved from /opt/airflow/dags/example_taskflow_api.py
[2022-12-29T20:39:26.457+0000] {logging_mixin.py:137} INFO - [2022-12-29T20:39:26.457+0000] {dag.py:2676} INFO - Sync 1 DAGs
[2022-12-29T20:39:26.494+0000] {logging_mixin.py:137} INFO - [2022-12-29T20:39:26.494+0000] {dag.py:3427} INFO - Setting next_dagrun for tutorial_taskflow_api_etl to None, run_after=None
[2022-12-29T20:39:26.525+0000] {processor.py:175} INFO - Processing /opt/airflow/dags/example_taskflow_api.py took 0.199 seconds
[2022-12-29T20:39:56.669+0000] {processor.py:153} INFO - Started process (PID=1571) to work on /opt/airflow/dags/example_taskflow_api.py
[2022-12-29T20:39:56.671+0000] {processor.py:743} INFO - Processing file /opt/airflow/dags/example_taskflow_api.py for tasks to queue
[2022-12-29T20:39:56.672+0000] {logging_mixin.py:137} INFO - [2022-12-29T20:39:56.672+0000] {dagbag.py:538} INFO - Filling up the DagBag from /opt/airflow/dags/example_taskflow_api.py
[2022-12-29T20:39:56.719+0000] {logging_mixin.py:137} WARNING - /home/airflow/.local/lib/python3.7/site-packages/airflow/models/dag.py:3524 RemovedInAirflow3Warning: Param `schedule_interval` is deprecated and will be removed in a future release. Please use `schedule` instead.
[2022-12-29T20:39:56.729+0000] {processor.py:753} INFO - DAG(s) dict_keys(['tutorial_taskflow_api_etl']) retrieved from /opt/airflow/dags/example_taskflow_api.py
[2022-12-29T20:39:56.777+0000] {logging_mixin.py:137} INFO - [2022-12-29T20:39:56.777+0000] {dag.py:2676} INFO - Sync 1 DAGs
[2022-12-29T20:39:56.810+0000] {logging_mixin.py:137} INFO - [2022-12-29T20:39:56.810+0000] {dag.py:3427} INFO - Setting next_dagrun for tutorial_taskflow_api_etl to None, run_after=None
[2022-12-29T20:39:56.835+0000] {processor.py:175} INFO - Processing /opt/airflow/dags/example_taskflow_api.py took 0.171 seconds
[2022-12-29T20:40:27.132+0000] {processor.py:153} INFO - Started process (PID=1613) to work on /opt/airflow/dags/example_taskflow_api.py
[2022-12-29T20:40:27.134+0000] {processor.py:743} INFO - Processing file /opt/airflow/dags/example_taskflow_api.py for tasks to queue
[2022-12-29T20:40:27.135+0000] {logging_mixin.py:137} INFO - [2022-12-29T20:40:27.135+0000] {dagbag.py:538} INFO - Filling up the DagBag from /opt/airflow/dags/example_taskflow_api.py
[2022-12-29T20:40:27.174+0000] {logging_mixin.py:137} WARNING - /home/airflow/.local/lib/python3.7/site-packages/airflow/models/dag.py:3524 RemovedInAirflow3Warning: Param `schedule_interval` is deprecated and will be removed in a future release. Please use `schedule` instead.
[2022-12-29T20:40:27.184+0000] {processor.py:753} INFO - DAG(s) dict_keys(['tutorial_taskflow_api_etl']) retrieved from /opt/airflow/dags/example_taskflow_api.py
[2022-12-29T20:40:27.221+0000] {logging_mixin.py:137} INFO - [2022-12-29T20:40:27.221+0000] {dag.py:2676} INFO - Sync 1 DAGs
[2022-12-29T20:40:27.250+0000] {logging_mixin.py:137} INFO - [2022-12-29T20:40:27.250+0000] {dag.py:3427} INFO - Setting next_dagrun for tutorial_taskflow_api_etl to None, run_after=None
[2022-12-29T20:40:27.275+0000] {processor.py:175} INFO - Processing /opt/airflow/dags/example_taskflow_api.py took 0.147 seconds
[2022-12-29T20:40:57.582+0000] {processor.py:153} INFO - Started process (PID=1671) to work on /opt/airflow/dags/example_taskflow_api.py
[2022-12-29T20:40:57.583+0000] {processor.py:743} INFO - Processing file /opt/airflow/dags/example_taskflow_api.py for tasks to queue
[2022-12-29T20:40:57.584+0000] {logging_mixin.py:137} INFO - [2022-12-29T20:40:57.584+0000] {dagbag.py:538} INFO - Filling up the DagBag from /opt/airflow/dags/example_taskflow_api.py
[2022-12-29T20:40:57.625+0000] {logging_mixin.py:137} WARNING - /home/airflow/.local/lib/python3.7/site-packages/airflow/models/dag.py:3524 RemovedInAirflow3Warning: Param `schedule_interval` is deprecated and will be removed in a future release. Please use `schedule` instead.
[2022-12-29T20:40:57.635+0000] {processor.py:753} INFO - DAG(s) dict_keys(['tutorial_taskflow_api_etl']) retrieved from /opt/airflow/dags/example_taskflow_api.py
[2022-12-29T20:40:57.676+0000] {logging_mixin.py:137} INFO - [2022-12-29T20:40:57.675+0000] {dag.py:2676} INFO - Sync 1 DAGs
[2022-12-29T20:40:57.705+0000] {logging_mixin.py:137} INFO - [2022-12-29T20:40:57.704+0000] {dag.py:3427} INFO - Setting next_dagrun for tutorial_taskflow_api_etl to None, run_after=None
[2022-12-29T20:40:57.727+0000] {processor.py:175} INFO - Processing /opt/airflow/dags/example_taskflow_api.py took 0.149 seconds
[2022-12-29T20:41:28.044+0000] {processor.py:153} INFO - Started process (PID=1714) to work on /opt/airflow/dags/example_taskflow_api.py
[2022-12-29T20:41:28.046+0000] {processor.py:743} INFO - Processing file /opt/airflow/dags/example_taskflow_api.py for tasks to queue
[2022-12-29T20:41:28.048+0000] {logging_mixin.py:137} INFO - [2022-12-29T20:41:28.047+0000] {dagbag.py:538} INFO - Filling up the DagBag from /opt/airflow/dags/example_taskflow_api.py
[2022-12-29T20:41:28.115+0000] {logging_mixin.py:137} WARNING - /home/airflow/.local/lib/python3.7/site-packages/airflow/models/dag.py:3524 RemovedInAirflow3Warning: Param `schedule_interval` is deprecated and will be removed in a future release. Please use `schedule` instead.
[2022-12-29T20:41:28.126+0000] {processor.py:753} INFO - DAG(s) dict_keys(['tutorial_taskflow_api_etl']) retrieved from /opt/airflow/dags/example_taskflow_api.py
[2022-12-29T20:41:28.167+0000] {logging_mixin.py:137} INFO - [2022-12-29T20:41:28.166+0000] {dag.py:2676} INFO - Sync 1 DAGs
[2022-12-29T20:41:28.197+0000] {logging_mixin.py:137} INFO - [2022-12-29T20:41:28.197+0000] {dag.py:3427} INFO - Setting next_dagrun for tutorial_taskflow_api_etl to None, run_after=None
[2022-12-29T20:41:28.222+0000] {processor.py:175} INFO - Processing /opt/airflow/dags/example_taskflow_api.py took 0.182 seconds
[2022-12-29T20:41:58.315+0000] {processor.py:153} INFO - Started process (PID=1772) to work on /opt/airflow/dags/example_taskflow_api.py
[2022-12-29T20:41:58.317+0000] {processor.py:743} INFO - Processing file /opt/airflow/dags/example_taskflow_api.py for tasks to queue
[2022-12-29T20:41:58.318+0000] {logging_mixin.py:137} INFO - [2022-12-29T20:41:58.318+0000] {dagbag.py:538} INFO - Filling up the DagBag from /opt/airflow/dags/example_taskflow_api.py
[2022-12-29T20:41:58.361+0000] {logging_mixin.py:137} WARNING - /home/airflow/.local/lib/python3.7/site-packages/airflow/models/dag.py:3524 RemovedInAirflow3Warning: Param `schedule_interval` is deprecated and will be removed in a future release. Please use `schedule` instead.
[2022-12-29T20:41:58.372+0000] {processor.py:753} INFO - DAG(s) dict_keys(['tutorial_taskflow_api_etl']) retrieved from /opt/airflow/dags/example_taskflow_api.py
[2022-12-29T20:41:58.424+0000] {logging_mixin.py:137} INFO - [2022-12-29T20:41:58.424+0000] {dag.py:2676} INFO - Sync 1 DAGs
[2022-12-29T20:41:58.459+0000] {logging_mixin.py:137} INFO - [2022-12-29T20:41:58.459+0000] {dag.py:3427} INFO - Setting next_dagrun for tutorial_taskflow_api_etl to None, run_after=None
[2022-12-29T20:41:58.485+0000] {processor.py:175} INFO - Processing /opt/airflow/dags/example_taskflow_api.py took 0.173 seconds
[2022-12-29T20:42:28.757+0000] {processor.py:153} INFO - Started process (PID=1814) to work on /opt/airflow/dags/example_taskflow_api.py
[2022-12-29T20:42:28.759+0000] {processor.py:743} INFO - Processing file /opt/airflow/dags/example_taskflow_api.py for tasks to queue
[2022-12-29T20:42:28.760+0000] {logging_mixin.py:137} INFO - [2022-12-29T20:42:28.760+0000] {dagbag.py:538} INFO - Filling up the DagBag from /opt/airflow/dags/example_taskflow_api.py
[2022-12-29T20:42:28.798+0000] {logging_mixin.py:137} WARNING - /home/airflow/.local/lib/python3.7/site-packages/airflow/models/dag.py:3524 RemovedInAirflow3Warning: Param `schedule_interval` is deprecated and will be removed in a future release. Please use `schedule` instead.
[2022-12-29T20:42:28.809+0000] {processor.py:753} INFO - DAG(s) dict_keys(['tutorial_taskflow_api_etl']) retrieved from /opt/airflow/dags/example_taskflow_api.py
[2022-12-29T20:42:28.849+0000] {logging_mixin.py:137} INFO - [2022-12-29T20:42:28.849+0000] {dag.py:2676} INFO - Sync 1 DAGs
[2022-12-29T20:42:28.881+0000] {logging_mixin.py:137} INFO - [2022-12-29T20:42:28.881+0000] {dag.py:3427} INFO - Setting next_dagrun for tutorial_taskflow_api_etl to None, run_after=None
[2022-12-29T20:42:28.904+0000] {processor.py:175} INFO - Processing /opt/airflow/dags/example_taskflow_api.py took 0.151 seconds
[2022-12-29T20:42:59.225+0000] {processor.py:153} INFO - Started process (PID=1856) to work on /opt/airflow/dags/example_taskflow_api.py
[2022-12-29T20:42:59.227+0000] {processor.py:743} INFO - Processing file /opt/airflow/dags/example_taskflow_api.py for tasks to queue
[2022-12-29T20:42:59.228+0000] {logging_mixin.py:137} INFO - [2022-12-29T20:42:59.228+0000] {dagbag.py:538} INFO - Filling up the DagBag from /opt/airflow/dags/example_taskflow_api.py
[2022-12-29T20:42:59.297+0000] {logging_mixin.py:137} WARNING - /home/airflow/.local/lib/python3.7/site-packages/airflow/models/dag.py:3524 RemovedInAirflow3Warning: Param `schedule_interval` is deprecated and will be removed in a future release. Please use `schedule` instead.
[2022-12-29T20:42:59.311+0000] {processor.py:753} INFO - DAG(s) dict_keys(['tutorial_taskflow_api_etl']) retrieved from /opt/airflow/dags/example_taskflow_api.py
[2022-12-29T20:42:59.366+0000] {logging_mixin.py:137} INFO - [2022-12-29T20:42:59.366+0000] {dag.py:2676} INFO - Sync 1 DAGs
[2022-12-29T20:42:59.406+0000] {logging_mixin.py:137} INFO - [2022-12-29T20:42:59.405+0000] {dag.py:3427} INFO - Setting next_dagrun for tutorial_taskflow_api_etl to None, run_after=None
[2022-12-29T20:42:59.436+0000] {processor.py:175} INFO - Processing /opt/airflow/dags/example_taskflow_api.py took 0.217 seconds
[2022-12-29T20:43:29.708+0000] {processor.py:153} INFO - Started process (PID=1915) to work on /opt/airflow/dags/example_taskflow_api.py
[2022-12-29T20:43:29.710+0000] {processor.py:743} INFO - Processing file /opt/airflow/dags/example_taskflow_api.py for tasks to queue
[2022-12-29T20:43:29.711+0000] {logging_mixin.py:137} INFO - [2022-12-29T20:43:29.711+0000] {dagbag.py:538} INFO - Filling up the DagBag from /opt/airflow/dags/example_taskflow_api.py
[2022-12-29T20:43:29.748+0000] {logging_mixin.py:137} WARNING - /home/airflow/.local/lib/python3.7/site-packages/airflow/models/dag.py:3524 RemovedInAirflow3Warning: Param `schedule_interval` is deprecated and will be removed in a future release. Please use `schedule` instead.
[2022-12-29T20:43:29.760+0000] {processor.py:753} INFO - DAG(s) dict_keys(['tutorial_taskflow_api_etl']) retrieved from /opt/airflow/dags/example_taskflow_api.py
[2022-12-29T20:43:29.800+0000] {logging_mixin.py:137} INFO - [2022-12-29T20:43:29.799+0000] {dag.py:2676} INFO - Sync 1 DAGs
[2022-12-29T20:43:29.828+0000] {logging_mixin.py:137} INFO - [2022-12-29T20:43:29.828+0000] {dag.py:3427} INFO - Setting next_dagrun for tutorial_taskflow_api_etl to None, run_after=None
[2022-12-29T20:43:29.852+0000] {processor.py:175} INFO - Processing /opt/airflow/dags/example_taskflow_api.py took 0.148 seconds
[2022-12-29T20:44:00.180+0000] {processor.py:153} INFO - Started process (PID=1962) to work on /opt/airflow/dags/example_taskflow_api.py
[2022-12-29T20:44:00.182+0000] {processor.py:743} INFO - Processing file /opt/airflow/dags/example_taskflow_api.py for tasks to queue
[2022-12-29T20:44:00.183+0000] {logging_mixin.py:137} INFO - [2022-12-29T20:44:00.183+0000] {dagbag.py:538} INFO - Filling up the DagBag from /opt/airflow/dags/example_taskflow_api.py
[2022-12-29T20:44:00.224+0000] {logging_mixin.py:137} WARNING - /home/airflow/.local/lib/python3.7/site-packages/airflow/models/dag.py:3524 RemovedInAirflow3Warning: Param `schedule_interval` is deprecated and will be removed in a future release. Please use `schedule` instead.
[2022-12-29T20:44:00.237+0000] {processor.py:753} INFO - DAG(s) dict_keys(['tutorial_taskflow_api_etl']) retrieved from /opt/airflow/dags/example_taskflow_api.py
[2022-12-29T20:44:00.288+0000] {logging_mixin.py:137} INFO - [2022-12-29T20:44:00.288+0000] {dag.py:2676} INFO - Sync 1 DAGs
[2022-12-29T20:44:00.320+0000] {logging_mixin.py:137} INFO - [2022-12-29T20:44:00.320+0000] {dag.py:3427} INFO - Setting next_dagrun for tutorial_taskflow_api_etl to None, run_after=None
[2022-12-29T20:44:00.345+0000] {processor.py:175} INFO - Processing /opt/airflow/dags/example_taskflow_api.py took 0.167 seconds
[2022-12-29T20:44:30.661+0000] {processor.py:153} INFO - Started process (PID=2022) to work on /opt/airflow/dags/example_taskflow_api.py
[2022-12-29T20:44:30.665+0000] {processor.py:743} INFO - Processing file /opt/airflow/dags/example_taskflow_api.py for tasks to queue
[2022-12-29T20:44:30.670+0000] {logging_mixin.py:137} INFO - [2022-12-29T20:44:30.670+0000] {dagbag.py:538} INFO - Filling up the DagBag from /opt/airflow/dags/example_taskflow_api.py
[2022-12-29T20:44:30.780+0000] {logging_mixin.py:137} WARNING - /home/airflow/.local/lib/python3.7/site-packages/airflow/models/dag.py:3524 RemovedInAirflow3Warning: Param `schedule_interval` is deprecated and will be removed in a future release. Please use `schedule` instead.
[2022-12-29T20:44:30.808+0000] {processor.py:753} INFO - DAG(s) dict_keys(['tutorial_taskflow_api_etl']) retrieved from /opt/airflow/dags/example_taskflow_api.py
[2022-12-29T20:44:30.959+0000] {logging_mixin.py:137} INFO - [2022-12-29T20:44:30.958+0000] {dag.py:2676} INFO - Sync 1 DAGs
[2022-12-29T20:44:31.029+0000] {logging_mixin.py:137} INFO - [2022-12-29T20:44:31.029+0000] {dag.py:3427} INFO - Setting next_dagrun for tutorial_taskflow_api_etl to None, run_after=None
[2022-12-29T20:44:31.082+0000] {processor.py:175} INFO - Processing /opt/airflow/dags/example_taskflow_api.py took 0.434 seconds
[2022-12-29T20:45:01.144+0000] {processor.py:153} INFO - Started process (PID=2071) to work on /opt/airflow/dags/example_taskflow_api.py
[2022-12-29T20:45:01.145+0000] {processor.py:743} INFO - Processing file /opt/airflow/dags/example_taskflow_api.py for tasks to queue
[2022-12-29T20:45:01.146+0000] {logging_mixin.py:137} INFO - [2022-12-29T20:45:01.146+0000] {dagbag.py:538} INFO - Filling up the DagBag from /opt/airflow/dags/example_taskflow_api.py
[2022-12-29T20:45:01.185+0000] {logging_mixin.py:137} WARNING - /home/airflow/.local/lib/python3.7/site-packages/airflow/models/dag.py:3524 RemovedInAirflow3Warning: Param `schedule_interval` is deprecated and will be removed in a future release. Please use `schedule` instead.
[2022-12-29T20:45:01.194+0000] {processor.py:753} INFO - DAG(s) dict_keys(['tutorial_taskflow_api_etl']) retrieved from /opt/airflow/dags/example_taskflow_api.py
[2022-12-29T20:45:01.234+0000] {logging_mixin.py:137} INFO - [2022-12-29T20:45:01.234+0000] {dag.py:2676} INFO - Sync 1 DAGs
[2022-12-29T20:45:01.264+0000] {logging_mixin.py:137} INFO - [2022-12-29T20:45:01.264+0000] {dag.py:3427} INFO - Setting next_dagrun for tutorial_taskflow_api_etl to None, run_after=None
[2022-12-29T20:45:01.291+0000] {processor.py:175} INFO - Processing /opt/airflow/dags/example_taskflow_api.py took 0.150 seconds
[2022-12-29T20:45:31.396+0000] {processor.py:153} INFO - Started process (PID=2113) to work on /opt/airflow/dags/example_taskflow_api.py
[2022-12-29T20:45:31.397+0000] {processor.py:743} INFO - Processing file /opt/airflow/dags/example_taskflow_api.py for tasks to queue
[2022-12-29T20:45:31.399+0000] {logging_mixin.py:137} INFO - [2022-12-29T20:45:31.399+0000] {dagbag.py:538} INFO - Filling up the DagBag from /opt/airflow/dags/example_taskflow_api.py
[2022-12-29T20:45:31.454+0000] {logging_mixin.py:137} WARNING - /home/airflow/.local/lib/python3.7/site-packages/airflow/models/dag.py:3524 RemovedInAirflow3Warning: Param `schedule_interval` is deprecated and will be removed in a future release. Please use `schedule` instead.
[2022-12-29T20:45:31.467+0000] {processor.py:753} INFO - DAG(s) dict_keys(['tutorial_taskflow_api_etl']) retrieved from /opt/airflow/dags/example_taskflow_api.py
[2022-12-29T20:45:31.520+0000] {logging_mixin.py:137} INFO - [2022-12-29T20:45:31.520+0000] {dag.py:2676} INFO - Sync 1 DAGs
[2022-12-29T20:45:31.556+0000] {logging_mixin.py:137} INFO - [2022-12-29T20:45:31.556+0000] {dag.py:3427} INFO - Setting next_dagrun for tutorial_taskflow_api_etl to None, run_after=None
[2022-12-29T20:45:31.585+0000] {processor.py:175} INFO - Processing /opt/airflow/dags/example_taskflow_api.py took 0.194 seconds
[2022-12-29T20:46:01.871+0000] {processor.py:153} INFO - Started process (PID=2164) to work on /opt/airflow/dags/example_taskflow_api.py
[2022-12-29T20:46:01.872+0000] {processor.py:743} INFO - Processing file /opt/airflow/dags/example_taskflow_api.py for tasks to queue
[2022-12-29T20:46:01.874+0000] {logging_mixin.py:137} INFO - [2022-12-29T20:46:01.873+0000] {dagbag.py:538} INFO - Filling up the DagBag from /opt/airflow/dags/example_taskflow_api.py
[2022-12-29T20:46:01.935+0000] {logging_mixin.py:137} WARNING - /home/airflow/.local/lib/python3.7/site-packages/airflow/models/dag.py:3524 RemovedInAirflow3Warning: Param `schedule_interval` is deprecated and will be removed in a future release. Please use `schedule` instead.
[2022-12-29T20:46:01.951+0000] {processor.py:753} INFO - DAG(s) dict_keys(['tutorial_taskflow_api_etl']) retrieved from /opt/airflow/dags/example_taskflow_api.py
[2022-12-29T20:46:02.016+0000] {logging_mixin.py:137} INFO - [2022-12-29T20:46:02.015+0000] {dag.py:2676} INFO - Sync 1 DAGs
[2022-12-29T20:46:02.057+0000] {logging_mixin.py:137} INFO - [2022-12-29T20:46:02.057+0000] {dag.py:3427} INFO - Setting next_dagrun for tutorial_taskflow_api_etl to None, run_after=None
[2022-12-29T20:46:02.087+0000] {processor.py:175} INFO - Processing /opt/airflow/dags/example_taskflow_api.py took 0.220 seconds
[2022-12-29T20:46:32.339+0000] {processor.py:153} INFO - Started process (PID=2214) to work on /opt/airflow/dags/example_taskflow_api.py
[2022-12-29T20:46:32.340+0000] {processor.py:743} INFO - Processing file /opt/airflow/dags/example_taskflow_api.py for tasks to queue
[2022-12-29T20:46:32.341+0000] {logging_mixin.py:137} INFO - [2022-12-29T20:46:32.341+0000] {dagbag.py:538} INFO - Filling up the DagBag from /opt/airflow/dags/example_taskflow_api.py
[2022-12-29T20:46:32.382+0000] {logging_mixin.py:137} WARNING - /home/airflow/.local/lib/python3.7/site-packages/airflow/models/dag.py:3524 RemovedInAirflow3Warning: Param `schedule_interval` is deprecated and will be removed in a future release. Please use `schedule` instead.
[2022-12-29T20:46:32.392+0000] {processor.py:753} INFO - DAG(s) dict_keys(['tutorial_taskflow_api_etl']) retrieved from /opt/airflow/dags/example_taskflow_api.py
[2022-12-29T20:46:32.433+0000] {logging_mixin.py:137} INFO - [2022-12-29T20:46:32.433+0000] {dag.py:2676} INFO - Sync 1 DAGs
[2022-12-29T20:46:32.464+0000] {logging_mixin.py:137} INFO - [2022-12-29T20:46:32.464+0000] {dag.py:3427} INFO - Setting next_dagrun for tutorial_taskflow_api_etl to None, run_after=None
[2022-12-29T20:46:32.489+0000] {processor.py:175} INFO - Processing /opt/airflow/dags/example_taskflow_api.py took 0.154 seconds
[2022-12-29T20:47:02.770+0000] {processor.py:153} INFO - Started process (PID=2256) to work on /opt/airflow/dags/example_taskflow_api.py
[2022-12-29T20:47:02.771+0000] {processor.py:743} INFO - Processing file /opt/airflow/dags/example_taskflow_api.py for tasks to queue
[2022-12-29T20:47:02.772+0000] {logging_mixin.py:137} INFO - [2022-12-29T20:47:02.772+0000] {dagbag.py:538} INFO - Filling up the DagBag from /opt/airflow/dags/example_taskflow_api.py
[2022-12-29T20:47:02.811+0000] {logging_mixin.py:137} WARNING - /home/airflow/.local/lib/python3.7/site-packages/airflow/models/dag.py:3524 RemovedInAirflow3Warning: Param `schedule_interval` is deprecated and will be removed in a future release. Please use `schedule` instead.
[2022-12-29T20:47:02.822+0000] {processor.py:753} INFO - DAG(s) dict_keys(['tutorial_taskflow_api_etl']) retrieved from /opt/airflow/dags/example_taskflow_api.py
[2022-12-29T20:47:02.863+0000] {logging_mixin.py:137} INFO - [2022-12-29T20:47:02.862+0000] {dag.py:2676} INFO - Sync 1 DAGs
[2022-12-29T20:47:02.891+0000] {logging_mixin.py:137} INFO - [2022-12-29T20:47:02.891+0000] {dag.py:3427} INFO - Setting next_dagrun for tutorial_taskflow_api_etl to None, run_after=None
[2022-12-29T20:47:02.918+0000] {processor.py:175} INFO - Processing /opt/airflow/dags/example_taskflow_api.py took 0.151 seconds
[2022-12-29T20:47:33.271+0000] {processor.py:153} INFO - Started process (PID=2298) to work on /opt/airflow/dags/example_taskflow_api.py
[2022-12-29T20:47:33.273+0000] {processor.py:743} INFO - Processing file /opt/airflow/dags/example_taskflow_api.py for tasks to queue
[2022-12-29T20:47:33.274+0000] {logging_mixin.py:137} INFO - [2022-12-29T20:47:33.274+0000] {dagbag.py:538} INFO - Filling up the DagBag from /opt/airflow/dags/example_taskflow_api.py
[2022-12-29T20:47:33.329+0000] {logging_mixin.py:137} WARNING - /home/airflow/.local/lib/python3.7/site-packages/airflow/models/dag.py:3524 RemovedInAirflow3Warning: Param `schedule_interval` is deprecated and will be removed in a future release. Please use `schedule` instead.
[2022-12-29T20:47:33.342+0000] {processor.py:753} INFO - DAG(s) dict_keys(['tutorial_taskflow_api_etl']) retrieved from /opt/airflow/dags/example_taskflow_api.py
[2022-12-29T20:47:33.392+0000] {logging_mixin.py:137} INFO - [2022-12-29T20:47:33.392+0000] {dag.py:2676} INFO - Sync 1 DAGs
[2022-12-29T20:47:33.432+0000] {logging_mixin.py:137} INFO - [2022-12-29T20:47:33.432+0000] {dag.py:3427} INFO - Setting next_dagrun for tutorial_taskflow_api_etl to None, run_after=None
[2022-12-29T20:47:33.462+0000] {processor.py:175} INFO - Processing /opt/airflow/dags/example_taskflow_api.py took 0.197 seconds
[2022-12-29T20:48:03.746+0000] {processor.py:153} INFO - Started process (PID=2356) to work on /opt/airflow/dags/example_taskflow_api.py
[2022-12-29T20:48:03.748+0000] {processor.py:743} INFO - Processing file /opt/airflow/dags/example_taskflow_api.py for tasks to queue
[2022-12-29T20:48:03.749+0000] {logging_mixin.py:137} INFO - [2022-12-29T20:48:03.749+0000] {dagbag.py:538} INFO - Filling up the DagBag from /opt/airflow/dags/example_taskflow_api.py
[2022-12-29T20:48:03.787+0000] {logging_mixin.py:137} WARNING - /home/airflow/.local/lib/python3.7/site-packages/airflow/models/dag.py:3524 RemovedInAirflow3Warning: Param `schedule_interval` is deprecated and will be removed in a future release. Please use `schedule` instead.
[2022-12-29T20:48:03.798+0000] {processor.py:753} INFO - DAG(s) dict_keys(['tutorial_taskflow_api_etl']) retrieved from /opt/airflow/dags/example_taskflow_api.py
[2022-12-29T20:48:03.838+0000] {logging_mixin.py:137} INFO - [2022-12-29T20:48:03.838+0000] {dag.py:2676} INFO - Sync 1 DAGs
[2022-12-29T20:48:03.869+0000] {logging_mixin.py:137} INFO - [2022-12-29T20:48:03.869+0000] {dag.py:3427} INFO - Setting next_dagrun for tutorial_taskflow_api_etl to None, run_after=None
[2022-12-29T20:48:03.891+0000] {processor.py:175} INFO - Processing /opt/airflow/dags/example_taskflow_api.py took 0.148 seconds
[2022-12-29T20:48:34.214+0000] {processor.py:153} INFO - Started process (PID=2398) to work on /opt/airflow/dags/example_taskflow_api.py
[2022-12-29T20:48:34.217+0000] {processor.py:743} INFO - Processing file /opt/airflow/dags/example_taskflow_api.py for tasks to queue
[2022-12-29T20:48:34.219+0000] {logging_mixin.py:137} INFO - [2022-12-29T20:48:34.219+0000] {dagbag.py:538} INFO - Filling up the DagBag from /opt/airflow/dags/example_taskflow_api.py
[2022-12-29T20:48:34.299+0000] {logging_mixin.py:137} WARNING - /home/airflow/.local/lib/python3.7/site-packages/airflow/models/dag.py:3524 RemovedInAirflow3Warning: Param `schedule_interval` is deprecated and will be removed in a future release. Please use `schedule` instead.
[2022-12-29T20:48:34.320+0000] {processor.py:753} INFO - DAG(s) dict_keys(['tutorial_taskflow_api_etl']) retrieved from /opt/airflow/dags/example_taskflow_api.py
[2022-12-29T20:48:34.394+0000] {logging_mixin.py:137} INFO - [2022-12-29T20:48:34.393+0000] {dag.py:2676} INFO - Sync 1 DAGs
[2022-12-29T20:48:34.433+0000] {logging_mixin.py:137} INFO - [2022-12-29T20:48:34.433+0000] {dag.py:3427} INFO - Setting next_dagrun for tutorial_taskflow_api_etl to None, run_after=None
[2022-12-29T20:48:34.463+0000] {processor.py:175} INFO - Processing /opt/airflow/dags/example_taskflow_api.py took 0.256 seconds
[2022-12-29T20:49:04.764+0000] {processor.py:153} INFO - Started process (PID=2440) to work on /opt/airflow/dags/example_taskflow_api.py
[2022-12-29T20:49:04.765+0000] {processor.py:743} INFO - Processing file /opt/airflow/dags/example_taskflow_api.py for tasks to queue
[2022-12-29T20:49:04.767+0000] {logging_mixin.py:137} INFO - [2022-12-29T20:49:04.766+0000] {dagbag.py:538} INFO - Filling up the DagBag from /opt/airflow/dags/example_taskflow_api.py
[2022-12-29T20:49:04.820+0000] {logging_mixin.py:137} WARNING - /home/airflow/.local/lib/python3.7/site-packages/airflow/models/dag.py:3524 RemovedInAirflow3Warning: Param `schedule_interval` is deprecated and will be removed in a future release. Please use `schedule` instead.
[2022-12-29T20:49:04.837+0000] {processor.py:753} INFO - DAG(s) dict_keys(['tutorial_taskflow_api_etl']) retrieved from /opt/airflow/dags/example_taskflow_api.py
[2022-12-29T20:49:04.914+0000] {logging_mixin.py:137} INFO - [2022-12-29T20:49:04.914+0000] {dag.py:2676} INFO - Sync 1 DAGs
[2022-12-29T20:49:04.943+0000] {logging_mixin.py:137} INFO - [2022-12-29T20:49:04.943+0000] {dag.py:3427} INFO - Setting next_dagrun for tutorial_taskflow_api_etl to None, run_after=None
[2022-12-29T20:49:04.981+0000] {processor.py:175} INFO - Processing /opt/airflow/dags/example_taskflow_api.py took 0.221 seconds
[2022-12-29T20:49:35.084+0000] {processor.py:153} INFO - Started process (PID=2498) to work on /opt/airflow/dags/example_taskflow_api.py
[2022-12-29T20:49:35.086+0000] {processor.py:743} INFO - Processing file /opt/airflow/dags/example_taskflow_api.py for tasks to queue
[2022-12-29T20:49:35.087+0000] {logging_mixin.py:137} INFO - [2022-12-29T20:49:35.087+0000] {dagbag.py:538} INFO - Filling up the DagBag from /opt/airflow/dags/example_taskflow_api.py
[2022-12-29T20:49:35.133+0000] {logging_mixin.py:137} WARNING - /home/airflow/.local/lib/python3.7/site-packages/airflow/models/dag.py:3524 RemovedInAirflow3Warning: Param `schedule_interval` is deprecated and will be removed in a future release. Please use `schedule` instead.
[2022-12-29T20:49:35.144+0000] {processor.py:753} INFO - DAG(s) dict_keys(['tutorial_taskflow_api_etl']) retrieved from /opt/airflow/dags/example_taskflow_api.py
[2022-12-29T20:49:35.195+0000] {logging_mixin.py:137} INFO - [2022-12-29T20:49:35.195+0000] {dag.py:2676} INFO - Sync 1 DAGs
[2022-12-29T20:49:35.231+0000] {logging_mixin.py:137} INFO - [2022-12-29T20:49:35.230+0000] {dag.py:3427} INFO - Setting next_dagrun for tutorial_taskflow_api_etl to None, run_after=None
[2022-12-29T20:49:35.261+0000] {processor.py:175} INFO - Processing /opt/airflow/dags/example_taskflow_api.py took 0.181 seconds
[2022-12-29T20:50:05.822+0000] {processor.py:153} INFO - Started process (PID=2540) to work on /opt/airflow/dags/example_taskflow_api.py
[2022-12-29T20:50:05.827+0000] {processor.py:743} INFO - Processing file /opt/airflow/dags/example_taskflow_api.py for tasks to queue
[2022-12-29T20:50:05.836+0000] {logging_mixin.py:137} INFO - [2022-12-29T20:50:05.835+0000] {dagbag.py:538} INFO - Filling up the DagBag from /opt/airflow/dags/example_taskflow_api.py
[2022-12-29T20:50:06.276+0000] {logging_mixin.py:137} WARNING - /home/airflow/.local/lib/python3.7/site-packages/airflow/models/dag.py:3524 RemovedInAirflow3Warning: Param `schedule_interval` is deprecated and will be removed in a future release. Please use `schedule` instead.
[2022-12-29T20:50:06.338+0000] {processor.py:753} INFO - DAG(s) dict_keys(['tutorial_taskflow_api_etl']) retrieved from /opt/airflow/dags/example_taskflow_api.py
[2022-12-29T20:50:06.512+0000] {logging_mixin.py:137} INFO - [2022-12-29T20:50:06.512+0000] {dag.py:2676} INFO - Sync 1 DAGs
[2022-12-29T20:50:06.612+0000] {logging_mixin.py:137} INFO - [2022-12-29T20:50:06.611+0000] {dag.py:3427} INFO - Setting next_dagrun for tutorial_taskflow_api_etl to None, run_after=None
[2022-12-29T20:50:06.657+0000] {processor.py:175} INFO - Processing /opt/airflow/dags/example_taskflow_api.py took 0.852 seconds
[2022-12-29T20:50:36.791+0000] {processor.py:153} INFO - Started process (PID=2582) to work on /opt/airflow/dags/example_taskflow_api.py
[2022-12-29T20:50:36.792+0000] {processor.py:743} INFO - Processing file /opt/airflow/dags/example_taskflow_api.py for tasks to queue
[2022-12-29T20:50:36.794+0000] {logging_mixin.py:137} INFO - [2022-12-29T20:50:36.794+0000] {dagbag.py:538} INFO - Filling up the DagBag from /opt/airflow/dags/example_taskflow_api.py
[2022-12-29T20:50:36.847+0000] {logging_mixin.py:137} WARNING - /home/airflow/.local/lib/python3.7/site-packages/airflow/models/dag.py:3524 RemovedInAirflow3Warning: Param `schedule_interval` is deprecated and will be removed in a future release. Please use `schedule` instead.
[2022-12-29T20:50:36.867+0000] {processor.py:753} INFO - DAG(s) dict_keys(['tutorial_taskflow_api_etl']) retrieved from /opt/airflow/dags/example_taskflow_api.py
[2022-12-29T20:50:36.931+0000] {logging_mixin.py:137} INFO - [2022-12-29T20:50:36.931+0000] {dag.py:2676} INFO - Sync 1 DAGs
[2022-12-29T20:50:36.973+0000] {logging_mixin.py:137} INFO - [2022-12-29T20:50:36.973+0000] {dag.py:3427} INFO - Setting next_dagrun for tutorial_taskflow_api_etl to None, run_after=None
[2022-12-29T20:50:37.012+0000] {processor.py:175} INFO - Processing /opt/airflow/dags/example_taskflow_api.py took 0.226 seconds
[2022-12-29T20:51:07.523+0000] {processor.py:153} INFO - Started process (PID=2633) to work on /opt/airflow/dags/example_taskflow_api.py
[2022-12-29T20:51:07.528+0000] {processor.py:743} INFO - Processing file /opt/airflow/dags/example_taskflow_api.py for tasks to queue
[2022-12-29T20:51:07.531+0000] {logging_mixin.py:137} INFO - [2022-12-29T20:51:07.531+0000] {dagbag.py:538} INFO - Filling up the DagBag from /opt/airflow/dags/example_taskflow_api.py
[2022-12-29T20:51:07.809+0000] {logging_mixin.py:137} WARNING - /home/airflow/.local/lib/python3.7/site-packages/airflow/models/dag.py:3524 RemovedInAirflow3Warning: Param `schedule_interval` is deprecated and will be removed in a future release. Please use `schedule` instead.
[2022-12-29T20:51:07.838+0000] {processor.py:753} INFO - DAG(s) dict_keys(['tutorial_taskflow_api_etl']) retrieved from /opt/airflow/dags/example_taskflow_api.py
[2022-12-29T20:51:07.921+0000] {logging_mixin.py:137} INFO - [2022-12-29T20:51:07.921+0000] {dag.py:2676} INFO - Sync 1 DAGs
[2022-12-29T20:51:07.979+0000] {logging_mixin.py:137} INFO - [2022-12-29T20:51:07.979+0000] {dag.py:3427} INFO - Setting next_dagrun for tutorial_taskflow_api_etl to None, run_after=None
[2022-12-29T20:51:08.021+0000] {processor.py:175} INFO - Processing /opt/airflow/dags/example_taskflow_api.py took 0.514 seconds
[2022-12-29T20:51:38.362+0000] {processor.py:153} INFO - Started process (PID=2682) to work on /opt/airflow/dags/example_taskflow_api.py
[2022-12-29T20:51:38.364+0000] {processor.py:743} INFO - Processing file /opt/airflow/dags/example_taskflow_api.py for tasks to queue
[2022-12-29T20:51:38.367+0000] {logging_mixin.py:137} INFO - [2022-12-29T20:51:38.366+0000] {dagbag.py:538} INFO - Filling up the DagBag from /opt/airflow/dags/example_taskflow_api.py
[2022-12-29T20:51:38.452+0000] {logging_mixin.py:137} WARNING - /home/airflow/.local/lib/python3.7/site-packages/airflow/models/dag.py:3524 RemovedInAirflow3Warning: Param `schedule_interval` is deprecated and will be removed in a future release. Please use `schedule` instead.
[2022-12-29T20:51:38.471+0000] {processor.py:753} INFO - DAG(s) dict_keys(['tutorial_taskflow_api_etl']) retrieved from /opt/airflow/dags/example_taskflow_api.py
[2022-12-29T20:51:38.554+0000] {logging_mixin.py:137} INFO - [2022-12-29T20:51:38.553+0000] {dag.py:2676} INFO - Sync 1 DAGs
[2022-12-29T20:51:38.609+0000] {logging_mixin.py:137} INFO - [2022-12-29T20:51:38.609+0000] {dag.py:3427} INFO - Setting next_dagrun for tutorial_taskflow_api_etl to None, run_after=None
[2022-12-29T20:51:38.659+0000] {processor.py:175} INFO - Processing /opt/airflow/dags/example_taskflow_api.py took 0.302 seconds
[2022-12-29T20:52:09.076+0000] {processor.py:153} INFO - Started process (PID=2724) to work on /opt/airflow/dags/example_taskflow_api.py
[2022-12-29T20:52:09.079+0000] {processor.py:743} INFO - Processing file /opt/airflow/dags/example_taskflow_api.py for tasks to queue
[2022-12-29T20:52:09.081+0000] {logging_mixin.py:137} INFO - [2022-12-29T20:52:09.081+0000] {dagbag.py:538} INFO - Filling up the DagBag from /opt/airflow/dags/example_taskflow_api.py
[2022-12-29T20:52:09.146+0000] {logging_mixin.py:137} WARNING - /home/airflow/.local/lib/python3.7/site-packages/airflow/models/dag.py:3524 RemovedInAirflow3Warning: Param `schedule_interval` is deprecated and will be removed in a future release. Please use `schedule` instead.
[2022-12-29T20:52:09.166+0000] {processor.py:753} INFO - DAG(s) dict_keys(['tutorial_taskflow_api_etl']) retrieved from /opt/airflow/dags/example_taskflow_api.py
[2022-12-29T20:52:09.270+0000] {logging_mixin.py:137} INFO - [2022-12-29T20:52:09.269+0000] {dag.py:2676} INFO - Sync 1 DAGs
[2022-12-29T20:52:09.343+0000] {logging_mixin.py:137} INFO - [2022-12-29T20:52:09.343+0000] {dag.py:3427} INFO - Setting next_dagrun for tutorial_taskflow_api_etl to None, run_after=None
[2022-12-29T20:52:09.397+0000] {processor.py:175} INFO - Processing /opt/airflow/dags/example_taskflow_api.py took 0.326 seconds
[2022-12-29T20:52:39.780+0000] {processor.py:153} INFO - Started process (PID=2766) to work on /opt/airflow/dags/example_taskflow_api.py
[2022-12-29T20:52:39.782+0000] {processor.py:743} INFO - Processing file /opt/airflow/dags/example_taskflow_api.py for tasks to queue
[2022-12-29T20:52:39.784+0000] {logging_mixin.py:137} INFO - [2022-12-29T20:52:39.784+0000] {dagbag.py:538} INFO - Filling up the DagBag from /opt/airflow/dags/example_taskflow_api.py
[2022-12-29T20:52:39.850+0000] {logging_mixin.py:137} WARNING - /home/airflow/.local/lib/python3.7/site-packages/airflow/models/dag.py:3524 RemovedInAirflow3Warning: Param `schedule_interval` is deprecated and will be removed in a future release. Please use `schedule` instead.
[2022-12-29T20:52:39.867+0000] {processor.py:753} INFO - DAG(s) dict_keys(['tutorial_taskflow_api_etl']) retrieved from /opt/airflow/dags/example_taskflow_api.py
[2022-12-29T20:52:39.934+0000] {logging_mixin.py:137} INFO - [2022-12-29T20:52:39.934+0000] {dag.py:2676} INFO - Sync 1 DAGs
[2022-12-29T20:52:39.981+0000] {logging_mixin.py:137} INFO - [2022-12-29T20:52:39.980+0000] {dag.py:3427} INFO - Setting next_dagrun for tutorial_taskflow_api_etl to None, run_after=None
[2022-12-29T20:52:40.017+0000] {processor.py:175} INFO - Processing /opt/airflow/dags/example_taskflow_api.py took 0.244 seconds
