[2022-12-29T20:25:34.068+0000] {taskinstance.py:1087} INFO - Dependencies all met for <TaskInstance: tutorial_taskflow_api_etl.extract manual__2022-12-29T20:25:32.090016+00:00 [queued]>
[2022-12-29T20:25:34.090+0000] {taskinstance.py:1087} INFO - Dependencies all met for <TaskInstance: tutorial_taskflow_api_etl.extract manual__2022-12-29T20:25:32.090016+00:00 [queued]>
[2022-12-29T20:25:34.091+0000] {taskinstance.py:1283} INFO - 
--------------------------------------------------------------------------------
[2022-12-29T20:25:34.092+0000] {taskinstance.py:1284} INFO - Starting attempt 1 of 1
[2022-12-29T20:25:34.093+0000] {taskinstance.py:1285} INFO - 
--------------------------------------------------------------------------------
[2022-12-29T20:25:34.118+0000] {taskinstance.py:1304} INFO - Executing <Task(_PythonDecoratedOperator): extract> on 2022-12-29 20:25:32.090016+00:00
[2022-12-29T20:25:34.126+0000] {standard_task_runner.py:55} INFO - Started process 246 to run task
[2022-12-29T20:25:34.130+0000] {standard_task_runner.py:82} INFO - Running: ['***', 'tasks', 'run', 'tutorial_taskflow_api_etl', 'extract', 'manual__2022-12-29T20:25:32.090016+00:00', '--job-id', '123', '--raw', '--subdir', 'DAGS_FOLDER/example_taskflow_api.py', '--cfg-path', '/tmp/tmpmxlk2bfi']
[2022-12-29T20:25:34.140+0000] {standard_task_runner.py:83} INFO - Job 123: Subtask extract
[2022-12-29T20:25:34.241+0000] {task_command.py:389} INFO - Running <TaskInstance: tutorial_taskflow_api_etl.extract manual__2022-12-29T20:25:32.090016+00:00 [running]> on host 8d25811d3d39
[2022-12-29T20:25:34.385+0000] {taskinstance.py:1513} INFO - Exporting the following env vars:
AIRFLOW_CTX_DAG_OWNER=alec
AIRFLOW_CTX_DAG_ID=tutorial_taskflow_api_etl
AIRFLOW_CTX_TASK_ID=extract
AIRFLOW_CTX_EXECUTION_DATE=2022-12-29T20:25:32.090016+00:00
AIRFLOW_CTX_TRY_NUMBER=1
AIRFLOW_CTX_DAG_RUN_ID=manual__2022-12-29T20:25:32.090016+00:00
[2022-12-29T20:25:34.387+0000] {python.py:177} INFO - Done. Returned value was: {'1001': 301.27, '1002': 433.21, '1003': 502.22}
[2022-12-29T20:25:34.424+0000] {taskinstance.py:1327} INFO - Marking task as SUCCESS. dag_id=tutorial_taskflow_api_etl, task_id=extract, execution_date=20221229T202532, start_date=20221229T202534, end_date=20221229T202534
[2022-12-29T20:25:34.464+0000] {local_task_job.py:159} INFO - Task exited with return code 0
[2022-12-29T20:25:34.516+0000] {taskinstance.py:2582} INFO - 1 downstream tasks scheduled from follow-on schedule check
