[2022-12-29T20:25:35.291+0000] {taskinstance.py:1087} INFO - Dependencies all met for <TaskInstance: tutorial_taskflow_api_etl.transform manual__2022-12-29T20:25:32.090016+00:00 [queued]>
[2022-12-29T20:25:35.308+0000] {taskinstance.py:1087} INFO - Dependencies all met for <TaskInstance: tutorial_taskflow_api_etl.transform manual__2022-12-29T20:25:32.090016+00:00 [queued]>
[2022-12-29T20:25:35.309+0000] {taskinstance.py:1283} INFO - 
--------------------------------------------------------------------------------
[2022-12-29T20:25:35.310+0000] {taskinstance.py:1284} INFO - Starting attempt 1 of 1
[2022-12-29T20:25:35.312+0000] {taskinstance.py:1285} INFO - 
--------------------------------------------------------------------------------
[2022-12-29T20:25:35.343+0000] {taskinstance.py:1304} INFO - Executing <Task(_PythonDecoratedOperator): transform> on 2022-12-29 20:25:32.090016+00:00
[2022-12-29T20:25:35.352+0000] {standard_task_runner.py:55} INFO - Started process 248 to run task
[2022-12-29T20:25:35.359+0000] {standard_task_runner.py:82} INFO - Running: ['***', 'tasks', 'run', 'tutorial_taskflow_api_etl', 'transform', 'manual__2022-12-29T20:25:32.090016+00:00', '--job-id', '124', '--raw', '--subdir', 'DAGS_FOLDER/example_taskflow_api.py', '--cfg-path', '/tmp/tmpm0kuieby']
[2022-12-29T20:25:35.363+0000] {standard_task_runner.py:83} INFO - Job 124: Subtask transform
[2022-12-29T20:25:35.462+0000] {task_command.py:389} INFO - Running <TaskInstance: tutorial_taskflow_api_etl.transform manual__2022-12-29T20:25:32.090016+00:00 [running]> on host 8d25811d3d39
[2022-12-29T20:25:35.595+0000] {taskinstance.py:1513} INFO - Exporting the following env vars:
AIRFLOW_CTX_DAG_OWNER=alec
AIRFLOW_CTX_DAG_ID=tutorial_taskflow_api_etl
AIRFLOW_CTX_TASK_ID=transform
AIRFLOW_CTX_EXECUTION_DATE=2022-12-29T20:25:32.090016+00:00
AIRFLOW_CTX_TRY_NUMBER=1
AIRFLOW_CTX_DAG_RUN_ID=manual__2022-12-29T20:25:32.090016+00:00
[2022-12-29T20:25:35.597+0000] {python.py:177} INFO - Done. Returned value was: {'total_order_value': 1236.7}
[2022-12-29T20:25:35.663+0000] {taskinstance.py:1327} INFO - Marking task as SUCCESS. dag_id=tutorial_taskflow_api_etl, task_id=transform, execution_date=20221229T202532, start_date=20221229T202535, end_date=20221229T202535
[2022-12-29T20:25:35.733+0000] {local_task_job.py:159} INFO - Task exited with return code 0
[2022-12-29T20:25:35.780+0000] {taskinstance.py:2582} INFO - 1 downstream tasks scheduled from follow-on schedule check
