[2022-12-29T20:44:09.452+0000] {taskinstance.py:1087} INFO - Dependencies all met for <TaskInstance: first_sample_dag.print_hello_world scheduled__2022-12-29T19:00:00+00:00 [queued]>
[2022-12-29T20:44:09.491+0000] {taskinstance.py:1087} INFO - Dependencies all met for <TaskInstance: first_sample_dag.print_hello_world scheduled__2022-12-29T19:00:00+00:00 [queued]>
[2022-12-29T20:44:09.492+0000] {taskinstance.py:1283} INFO - 
--------------------------------------------------------------------------------
[2022-12-29T20:44:09.493+0000] {taskinstance.py:1284} INFO - Starting attempt 1 of 1
[2022-12-29T20:44:09.494+0000] {taskinstance.py:1285} INFO - 
--------------------------------------------------------------------------------
[2022-12-29T20:44:09.514+0000] {taskinstance.py:1304} INFO - Executing <Task(BashOperator): print_hello_world> on 2022-12-29 19:00:00+00:00
[2022-12-29T20:44:09.521+0000] {standard_task_runner.py:55} INFO - Started process 1988 to run task
[2022-12-29T20:44:09.527+0000] {standard_task_runner.py:82} INFO - Running: ['***', 'tasks', 'run', 'first_sample_dag', 'print_hello_world', 'scheduled__2022-12-29T19:00:00+00:00', '--job-id', '128', '--raw', '--subdir', 'DAGS_FOLDER/example_dag.py', '--cfg-path', '/tmp/tmpsxnpnz8q']
[2022-12-29T20:44:09.530+0000] {standard_task_runner.py:83} INFO - Job 128: Subtask print_hello_world
[2022-12-29T20:44:09.702+0000] {task_command.py:389} INFO - Running <TaskInstance: first_sample_dag.print_hello_world scheduled__2022-12-29T19:00:00+00:00 [running]> on host 8d25811d3d39
[2022-12-29T20:44:09.902+0000] {taskinstance.py:1513} INFO - Exporting the following env vars:
AIRFLOW_CTX_DAG_OWNER=***
AIRFLOW_CTX_DAG_ID=first_sample_dag
AIRFLOW_CTX_TASK_ID=print_hello_world
AIRFLOW_CTX_EXECUTION_DATE=2022-12-29T19:00:00+00:00
AIRFLOW_CTX_TRY_NUMBER=1
AIRFLOW_CTX_DAG_RUN_ID=scheduled__2022-12-29T19:00:00+00:00
[2022-12-29T20:44:09.905+0000] {subprocess.py:63} INFO - Tmp dir root location: 
 /tmp
[2022-12-29T20:44:09.906+0000] {subprocess.py:75} INFO - Running command: ['/bin/bash', '-c', 'echo "HelloWorld!"']
[2022-12-29T20:44:09.930+0000] {subprocess.py:86} INFO - Output:
[2022-12-29T20:44:09.939+0000] {subprocess.py:93} INFO - HelloWorld!
[2022-12-29T20:44:09.940+0000] {subprocess.py:97} INFO - Command exited with return code 0
[2022-12-29T20:44:10.015+0000] {taskinstance.py:1327} INFO - Marking task as SUCCESS. dag_id=first_sample_dag, task_id=print_hello_world, execution_date=20221229T190000, start_date=20221229T204409, end_date=20221229T204410
[2022-12-29T20:44:10.152+0000] {local_task_job.py:159} INFO - Task exited with return code 0
[2022-12-29T20:44:10.200+0000] {taskinstance.py:2582} INFO - 1 downstream tasks scheduled from follow-on schedule check
