[2022-12-29T20:25:36.804+0000] {taskinstance.py:1087} INFO - Dependencies all met for <TaskInstance: tutorial_taskflow_api_etl.load manual__2022-12-29T20:25:32.090016+00:00 [queued]>
[2022-12-29T20:25:36.820+0000] {taskinstance.py:1087} INFO - Dependencies all met for <TaskInstance: tutorial_taskflow_api_etl.load manual__2022-12-29T20:25:32.090016+00:00 [queued]>
[2022-12-29T20:25:36.820+0000] {taskinstance.py:1283} INFO - 
--------------------------------------------------------------------------------
[2022-12-29T20:25:36.821+0000] {taskinstance.py:1284} INFO - Starting attempt 1 of 1
[2022-12-29T20:25:36.822+0000] {taskinstance.py:1285} INFO - 
--------------------------------------------------------------------------------
[2022-12-29T20:25:36.842+0000] {taskinstance.py:1304} INFO - Executing <Task(_PythonDecoratedOperator): load> on 2022-12-29 20:25:32.090016+00:00
[2022-12-29T20:25:36.849+0000] {standard_task_runner.py:55} INFO - Started process 250 to run task
[2022-12-29T20:25:36.854+0000] {standard_task_runner.py:82} INFO - Running: ['***', 'tasks', 'run', 'tutorial_taskflow_api_etl', 'load', 'manual__2022-12-29T20:25:32.090016+00:00', '--job-id', '125', '--raw', '--subdir', 'DAGS_FOLDER/example_taskflow_api.py', '--cfg-path', '/tmp/tmpohh9sfp2']
[2022-12-29T20:25:36.859+0000] {standard_task_runner.py:83} INFO - Job 125: Subtask load
[2022-12-29T20:25:36.957+0000] {task_command.py:389} INFO - Running <TaskInstance: tutorial_taskflow_api_etl.load manual__2022-12-29T20:25:32.090016+00:00 [running]> on host 8d25811d3d39
[2022-12-29T20:25:37.076+0000] {taskinstance.py:1513} INFO - Exporting the following env vars:
AIRFLOW_CTX_DAG_OWNER=alec
AIRFLOW_CTX_DAG_ID=tutorial_taskflow_api_etl
AIRFLOW_CTX_TASK_ID=load
AIRFLOW_CTX_EXECUTION_DATE=2022-12-29T20:25:32.090016+00:00
AIRFLOW_CTX_TRY_NUMBER=1
AIRFLOW_CTX_DAG_RUN_ID=manual__2022-12-29T20:25:32.090016+00:00
[2022-12-29T20:25:37.078+0000] {logging_mixin.py:137} INFO - Total order value is: 1236.70
[2022-12-29T20:25:37.079+0000] {python.py:177} INFO - Done. Returned value was: None
[2022-12-29T20:25:37.095+0000] {taskinstance.py:1327} INFO - Marking task as SUCCESS. dag_id=tutorial_taskflow_api_etl, task_id=load, execution_date=20221229T202532, start_date=20221229T202536, end_date=20221229T202537
[2022-12-29T20:25:37.147+0000] {local_task_job.py:159} INFO - Task exited with return code 0
[2022-12-29T20:25:37.177+0000] {taskinstance.py:2582} INFO - 0 downstream tasks scheduled from follow-on schedule check
